<?xml version="1.0" encoding="UTF-8"?>
<coverage generated="1689340452338" clover="3.2.0">
  <project timestamp="1689340452338" name="All files">
    <metrics statements="486" coveredstatements="403" conditionals="239" coveredconditionals="170" methods="131" coveredmethods="104" elements="856" coveredelements="677" complexity="0" loc="486" ncloc="486" packages="9" files="19" classes="19"/>
    <package name="constants">
      <metrics statements="9" coveredstatements="9" conditionals="0" coveredconditionals="0" methods="1" coveredmethods="1"/>
      <file name="customUserAttributesMock.js" path="/var/jenkins/workspace/sf-devtools-pipeline-release-to-npm/src/constants/customUserAttributesMock.js">
        <metrics statements="2" coveredstatements="2" conditionals="0" coveredconditionals="0" methods="0" coveredmethods="0"/>
        <line num="1" count="2" type="stmt"/>
        <line num="137" count="2" type="stmt"/>
      </file>
      <file name="pageUrls.js" path="/var/jenkins/workspace/sf-devtools-pipeline-release-to-npm/src/constants/pageUrls.js">
        <metrics statements="4" coveredstatements="4" conditionals="0" coveredconditionals="0" methods="1" coveredmethods="1"/>
        <line num="1" count="3" type="stmt"/>
        <line num="3" count="3" type="stmt"/>
        <line num="4" count="18" type="stmt"/>
        <line num="6" count="3" type="stmt"/>
      </file>
      <file name="userMock.js" path="/var/jenkins/workspace/sf-devtools-pipeline-release-to-npm/src/constants/userMock.js">
        <metrics statements="3" coveredstatements="3" conditionals="0" coveredconditionals="0" methods="0" coveredmethods="0"/>
        <line num="1" count="2" type="stmt"/>
        <line num="3" count="2" type="stmt"/>
        <line num="26" count="2" type="stmt"/>
      </file>
    </package>
    <package name="controllers">
      <metrics statements="151" coveredstatements="112" conditionals="71" coveredconditionals="38" methods="31" coveredmethods="23"/>
      <file name="index.js" path="/var/jenkins/workspace/sf-devtools-pipeline-release-to-npm/src/controllers/index.js">
        <metrics statements="151" coveredstatements="112" conditionals="71" coveredconditionals="38" methods="31" coveredmethods="23"/>
        <line num="1" count="2" type="stmt"/>
        <line num="2" count="2" type="stmt"/>
        <line num="3" count="2" type="stmt"/>
        <line num="4" count="2" type="stmt"/>
        <line num="5" count="2" type="stmt"/>
        <line num="6" count="2" type="stmt"/>
        <line num="7" count="2" type="stmt"/>
        <line num="9" count="2" type="stmt"/>
        <line num="10" count="2" type="stmt"/>
        <line num="12" count="2" type="stmt"/>
        <line num="13" count="2" type="stmt"/>
        <line num="15" count="2" type="stmt"/>
        <line num="16" count="2" type="stmt"/>
        <line num="17" count="2" type="stmt"/>
        <line num="19" count="2" type="stmt"/>
        <line num="20" count="2" type="stmt"/>
        <line num="35" count="2" type="stmt"/>
        <line num="47" count="9" type="stmt"/>
        <line num="48" count="9" type="stmt"/>
        <line num="49" count="9" type="stmt"/>
        <line num="50" count="9" type="stmt"/>
        <line num="51" count="9" type="stmt"/>
        <line num="52" count="9" type="cond" truecount="3" falsecount="0"/>
        <line num="53" count="9" type="stmt"/>
        <line num="54" count="9" type="cond" truecount="2" falsecount="0"/>
        <line num="55" count="9" type="cond" truecount="2" falsecount="0"/>
        <line num="56" count="9" type="stmt"/>
        <line num="57" count="9" type="stmt"/>
        <line num="58" count="9" type="stmt"/>
        <line num="59" count="9" type="stmt"/>
        <line num="60" count="9" type="cond" truecount="4" falsecount="0"/>
        <line num="61" count="9" type="stmt"/>
        <line num="62" count="9" type="stmt"/>
        <line num="63" count="9" type="stmt"/>
        <line num="64" count="9" type="stmt"/>
        <line num="65" count="9" type="stmt"/>
        <line num="71" count="9" type="cond" truecount="2" falsecount="2"/>
        <line num="72" count="0" type="stmt"/>
        <line num="73" count="0" type="stmt"/>
        <line num="74" count="0" type="stmt"/>
        <line num="79" count="4" type="cond" truecount="3" falsecount="0"/>
        <line num="83" count="2" type="cond" truecount="2" falsecount="0"/>
        <line num="87" count="0" type="stmt"/>
        <line num="88" count="0" type="cond" truecount="0" falsecount="1"/>
        <line num="89" count="0" type="cond" truecount="0" falsecount="2"/>
        <line num="90" count="0" type="cond" truecount="0" falsecount="2"/>
        <line num="91" count="0" type="stmt"/>
        <line num="96" count="0" type="stmt"/>
        <line num="97" count="0" type="cond" truecount="0" falsecount="2"/>
        <line num="98" count="0" type="stmt"/>
        <line num="102" count="2" type="stmt"/>
        <line num="103" count="2" type="cond" truecount="1" falsecount="1"/>
        <line num="104" count="0" type="stmt"/>
        <line num="106" count="2" type="stmt"/>
        <line num="110" count="2" type="stmt"/>
        <line num="114" count="0" type="stmt"/>
        <line num="123" count="2" type="stmt"/>
        <line num="124" count="2" type="stmt"/>
        <line num="125" count="2" type="cond" truecount="2" falsecount="0"/>
        <line num="126" count="1" type="stmt"/>
        <line num="128" count="2" type="stmt"/>
        <line num="155" count="2" type="stmt"/>
        <line num="161" count="2" type="stmt"/>
        <line num="162" count="2" type="cond" truecount="1" falsecount="1"/>
        <line num="163" count="0" type="stmt"/>
        <line num="165" count="2" type="cond" truecount="2" falsecount="0"/>
        <line num="166" count="2" type="stmt"/>
        <line num="175" count="0" type="stmt"/>
        <line num="176" count="0" type="cond" truecount="0" falsecount="2"/>
        <line num="177" count="0" type="stmt"/>
        <line num="178" count="0" type="cond" truecount="0" falsecount="2"/>
        <line num="182" count="0" type="stmt"/>
        <line num="183" count="0" type="stmt"/>
        <line num="184" count="0" type="stmt"/>
        <line num="186" count="0" type="stmt"/>
        <line num="189" count="0" type="stmt"/>
        <line num="191" count="0" type="stmt"/>
        <line num="192" count="0" type="stmt"/>
        <line num="195" count="0" type="stmt"/>
        <line num="202" count="2" type="stmt"/>
        <line num="206" count="9" type="stmt"/>
        <line num="207" count="9" type="stmt"/>
        <line num="214" count="9" type="stmt"/>
        <line num="216" count="9" type="stmt"/>
        <line num="220" count="4" type="stmt"/>
        <line num="221" count="4" type="stmt"/>
        <line num="230" count="4" type="stmt"/>
        <line num="232" count="4" type="stmt"/>
        <line num="236" count="9" type="stmt"/>
        <line num="237" count="9" type="stmt"/>
        <line num="247" count="9" type="stmt"/>
        <line num="251" count="18" type="stmt"/>
        <line num="255" count="18" type="stmt"/>
        <line num="256" count="18" type="stmt"/>
        <line num="258" count="18" type="stmt"/>
        <line num="262" count="18" type="stmt"/>
        <line num="266" count="9" type="stmt"/>
        <line num="271" count="9" type="cond" truecount="2" falsecount="0"/>
        <line num="274" count="9" type="stmt"/>
        <line num="278" count="2" type="stmt"/>
        <line num="283" count="0" type="stmt"/>
        <line num="293" count="0" type="stmt"/>
        <line num="294" count="0" type="stmt"/>
        <line num="295" count="0" type="stmt"/>
        <line num="296" count="0" type="stmt"/>
        <line num="297" count="0" type="stmt"/>
        <line num="298" count="0" type="stmt"/>
        <line num="304" count="0" type="cond" truecount="0" falsecount="2"/>
        <line num="305" count="0" type="stmt"/>
        <line num="312" count="0" type="cond" truecount="0" falsecount="2"/>
        <line num="313" count="0" type="stmt"/>
        <line num="321" count="2" type="stmt"/>
        <line num="322" count="2" type="stmt"/>
        <line num="323" count="2" type="stmt"/>
        <line num="324" count="2" type="stmt"/>
        <line num="325" count="2" type="stmt"/>
        <line num="329" count="2" type="stmt"/>
        <line num="331" count="0" type="stmt"/>
        <line num="336" count="2" type="stmt"/>
        <line num="340" count="2" type="cond" truecount="2" falsecount="0"/>
        <line num="341" count="1" type="stmt"/>
        <line num="343" count="1" type="stmt"/>
        <line num="348" count="2" type="stmt"/>
        <line num="349" count="2" type="stmt"/>
        <line num="350" count="2" type="stmt"/>
        <line num="351" count="2" type="stmt"/>
        <line num="352" count="2" type="stmt"/>
        <line num="353" count="2" type="cond" truecount="1" falsecount="1"/>
        <line num="356" count="2" type="stmt"/>
        <line num="361" count="2" type="stmt"/>
        <line num="366" count="2" type="stmt"/>
        <line num="367" count="2" type="stmt"/>
        <line num="368" count="2" type="stmt"/>
        <line num="369" count="2" type="stmt"/>
        <line num="371" count="2" type="cond" truecount="1" falsecount="1"/>
        <line num="372" count="2" type="cond" truecount="2" falsecount="0"/>
        <line num="373" count="2" type="stmt"/>
        <line num="377" count="2" type="stmt"/>
        <line num="378" count="2" type="cond" truecount="2" falsecount="0"/>
        <line num="379" count="1" type="stmt"/>
        <line num="386" count="1" type="stmt"/>
        <line num="390" count="2" type="stmt"/>
        <line num="392" count="2" type="stmt"/>
        <line num="393" count="2" type="stmt"/>
        <line num="399" count="2" type="cond" truecount="1" falsecount="1"/>
        <line num="400" count="2" type="stmt"/>
        <line num="428" count="2" type="stmt"/>
        <line num="430" count="2" type="cond" truecount="1" falsecount="1"/>
        <line num="431" count="2" type="stmt"/>
        <line num="435" count="0" type="stmt"/>
        <line num="440" count="2" type="stmt"/>
      </file>
    </package>
    <package name="controllers.controllers-utils">
      <metrics statements="13" coveredstatements="13" conditionals="2" coveredconditionals="2" methods="3" coveredmethods="3"/>
      <file name="assetsUtils.js" path="/var/jenkins/workspace/sf-devtools-pipeline-release-to-npm/src/controllers/controllers-utils/assetsUtils.js">
        <metrics statements="13" coveredstatements="13" conditionals="2" coveredconditionals="2" methods="3" coveredmethods="3"/>
        <line num="1" count="3" type="stmt"/>
        <line num="4" count="22" type="cond" truecount="2" falsecount="0"/>
        <line num="5" count="1" type="stmt"/>
        <line num="7" count="21" type="stmt"/>
        <line num="8" count="3" type="stmt"/>
        <line num="14" count="3" type="stmt"/>
        <line num="15" count="3" type="stmt"/>
        <line num="17" count="21" type="stmt"/>
        <line num="21" count="11" type="stmt"/>
        <line num="22" count="11" type="stmt"/>
        <line num="24" count="11" type="stmt"/>
        <line num="28" count="11" type="stmt"/>
        <line num="31" count="3" type="stmt"/>
      </file>
    </package>
    <package name="controllers.data-filters">
      <metrics statements="39" coveredstatements="33" conditionals="15" coveredconditionals="9" methods="9" coveredmethods="8"/>
      <file name="bootstrap-data-filter.js" path="/var/jenkins/workspace/sf-devtools-pipeline-release-to-npm/src/controllers/data-filters/bootstrap-data-filter.js">
        <metrics statements="11" coveredstatements="5" conditionals="7" coveredconditionals="3" methods="2" coveredmethods="1"/>
        <line num="1" count="2" type="cond" truecount="0" falsecount="1"/>
        <line num="2" count="2" type="stmt"/>
        <line num="3" count="2" type="cond" truecount="3" falsecount="1"/>
        <line num="4" count="0" type="stmt"/>
        <line num="6" count="0" type="stmt"/>
        <line num="8" count="0" type="cond" truecount="0" falsecount="2"/>
        <line num="9" count="0" type="stmt"/>
        <line num="11" count="0" type="stmt"/>
        <line num="12" count="0" type="stmt"/>
        <line num="17" count="2" type="stmt"/>
        <line num="20" count="2" type="stmt"/>
      </file>
      <file name="call-to-actions-filter.js" path="/var/jenkins/workspace/sf-devtools-pipeline-release-to-npm/src/controllers/data-filters/call-to-actions-filter.js">
        <metrics statements="28" coveredstatements="28" conditionals="8" coveredconditionals="6" methods="7" coveredmethods="7"/>
        <line num="1" count="3" type="stmt"/>
        <line num="2" count="3" type="stmt"/>
        <line num="3" count="3" type="stmt"/>
        <line num="4" count="3" type="stmt"/>
        <line num="6" count="3" type="stmt"/>
        <line num="12" count="3" type="cond" truecount="0" falsecount="1"/>
        <line num="13" count="6" type="stmt"/>
        <line num="19" count="3" type="stmt"/>
        <line num="25" count="6" type="stmt"/>
        <line num="34" count="3" type="stmt"/>
        <line num="35" count="13" type="stmt"/>
        <line num="36" count="6" type="stmt"/>
        <line num="37" count="6" type="stmt"/>
        <line num="38" count="6" type="stmt"/>
        <line num="45" count="13" type="stmt"/>
        <line num="46" count="13" type="cond" truecount="2" falsecount="0"/>
        <line num="47" count="6" type="stmt"/>
        <line num="52" count="7" type="stmt"/>
        <line num="55" count="3" type="cond" truecount="0" falsecount="1"/>
        <line num="56" count="4" type="stmt"/>
        <line num="57" count="4" type="cond" truecount="4" falsecount="0"/>
        <line num="67" count="2" type="stmt"/>
        <line num="69" count="2" type="stmt"/>
        <line num="70" count="2" type="stmt"/>
        <line num="73" count="2" type="stmt"/>
        <line num="74" count="11" type="stmt"/>
        <line num="84" count="4" type="stmt"/>
        <line num="87" count="3" type="stmt"/>
      </file>
    </package>
    <package name="front-end-utils.src.components">
      <metrics statements="177" coveredstatements="149" conditionals="104" coveredconditionals="90" methods="56" coveredmethods="47"/>
      <file name="container.js" path="/var/jenkins/workspace/sf-devtools-pipeline-release-to-npm/src/front-end-utils/src/components/container.js">
        <metrics statements="24" coveredstatements="22" conditionals="16" coveredconditionals="12" methods="8" coveredmethods="6"/>
        <line num="16" count="1" type="stmt"/>
        <line num="23" count="11" type="cond" truecount="1" falsecount="1"/>
        <line num="27" count="11" type="stmt"/>
        <line num="32" count="0" type="stmt"/>
        <line num="38" count="5" type="stmt"/>
        <line num="39" count="5" type="stmt"/>
        <line num="48" count="5" type="stmt"/>
        <line num="49" count="4" type="stmt"/>
        <line num="50" count="4" type="stmt"/>
        <line num="57" count="5" type="stmt"/>
        <line num="58" count="2" type="stmt"/>
        <line num="59" count="2" type="stmt"/>
        <line num="66" count="5" type="stmt"/>
        <line num="67" count="0" type="stmt"/>
        <line num="73" count="11" type="stmt"/>
        <line num="74" count="11" type="stmt"/>
        <line num="80" count="11" type="stmt"/>
        <line num="81" count="11" type="stmt"/>
        <line num="83" count="11" type="stmt"/>
        <line num="84" count="176" type="stmt"/>
        <line num="86" count="11" type="stmt"/>
        <line num="87" count="1320" type="stmt"/>
        <line num="91" count="11" type="stmt"/>
        <line num="99" count="11" type="stmt"/>
      </file>
      <file name="data-view.js" path="/var/jenkins/workspace/sf-devtools-pipeline-release-to-npm/src/front-end-utils/src/components/data-view.js">
        <metrics statements="31" coveredstatements="14" conditionals="10" coveredconditionals="10" methods="7" coveredmethods="5"/>
        <line num="10" count="1" type="stmt"/>
        <line num="14" count="11" type="cond" truecount="4" falsecount="0"/>
        <line num="16" count="11" type="cond" truecount="4" falsecount="0"/>
        <line num="27" count="1" type="stmt"/>
        <line num="32" count="1" type="stmt"/>
        <line num="38" count="5" type="stmt"/>
        <line num="39" count="5" type="stmt"/>
        <line num="44" count="5" type="stmt"/>
        <line num="45" count="2" type="stmt"/>
        <line num="48" count="2" type="stmt"/>
        <line num="51" count="5" type="stmt"/>
        <line num="52" count="0" type="stmt"/>
        <line num="53" count="0" type="stmt"/>
        <line num="54" count="0" type="stmt"/>
        <line num="55" count="0" type="stmt"/>
        <line num="56" count="0" type="stmt"/>
        <line num="57" count="0" type="stmt"/>
        <line num="58" count="0" type="stmt"/>
        <line num="59" count="0" type="stmt"/>
        <line num="60" count="0" type="stmt"/>
        <line num="61" count="0" type="stmt"/>
        <line num="62" count="0" type="stmt"/>
        <line num="63" count="0" type="stmt"/>
        <line num="65" count="0" type="stmt"/>
        <line num="66" count="0" type="stmt"/>
        <line num="68" count="0" type="stmt"/>
        <line num="70" count="0" type="stmt"/>
        <line num="71" count="0" type="stmt"/>
        <line num="75" count="11" type="stmt"/>
        <line num="76" count="11" type="stmt"/>
        <line num="77" count="11" type="stmt"/>
      </file>
      <file name="header-view.js" path="/var/jenkins/workspace/sf-devtools-pipeline-release-to-npm/src/front-end-utils/src/components/header-view.js">
        <metrics statements="46" coveredstatements="40" conditionals="21" coveredconditionals="21" methods="10" coveredmethods="7"/>
        <line num="21" count="1" type="stmt"/>
        <line num="24" count="24" type="cond" truecount="2" falsecount="0"/>
        <line num="28" count="1" type="stmt"/>
        <line num="38" count="1" type="stmt"/>
        <line num="46" count="1" type="stmt"/>
        <line num="64" count="1" type="stmt"/>
        <line num="70" count="1" type="stmt"/>
        <line num="71" count="1" type="stmt"/>
        <line num="73" count="1" type="stmt"/>
        <line num="74" count="12" type="cond" truecount="3" falsecount="0"/>
        <line num="76" count="3" type="stmt"/>
        <line num="77" count="3" type="stmt"/>
        <line num="78" count="3" type="stmt"/>
        <line num="80" count="4" type="stmt"/>
        <line num="81" count="4" type="stmt"/>
        <line num="82" count="4" type="stmt"/>
        <line num="83" count="4" type="stmt"/>
        <line num="85" count="5" type="stmt"/>
        <line num="86" count="5" type="stmt"/>
        <line num="90" count="1" type="stmt"/>
        <line num="96" count="1" type="stmt"/>
        <line num="103" count="17" type="stmt"/>
        <line num="104" count="17" type="stmt"/>
        <line num="112" count="120" type="stmt"/>
        <line num="113" count="12" type="stmt"/>
        <line num="114" count="12" type="stmt"/>
        <line num="115" count="12" type="cond" truecount="5" falsecount="0"/>
        <line num="116" count="1" type="stmt"/>
        <line num="117" count="1" type="stmt"/>
        <line num="118" count="1" type="stmt"/>
        <line num="121" count="12" type="stmt"/>
        <line num="123" count="12" type="stmt"/>
        <line num="124" count="12" type="cond" truecount="4" falsecount="0"/>
        <line num="125" count="7" type="stmt"/>
        <line num="129" count="17" type="stmt"/>
        <line num="130" count="0" type="stmt"/>
        <line num="131" count="0" type="stmt"/>
        <line num="132" count="0" type="stmt"/>
        <line num="133" count="0" type="stmt"/>
        <line num="134" count="0" type="stmt"/>
        <line num="137" count="17" type="stmt"/>
        <line num="138" count="0" type="stmt"/>
        <line num="141" count="17" type="stmt"/>
        <line num="142" count="1" type="stmt"/>
        <line num="148" count="24" type="stmt"/>
        <line num="149" count="24" type="stmt"/>
      </file>
      <file name="search.js" path="/var/jenkins/workspace/sf-devtools-pipeline-release-to-npm/src/front-end-utils/src/components/search.js">
        <metrics statements="76" coveredstatements="73" conditionals="57" coveredconditionals="47" methods="31" coveredmethods="29"/>
        <line num="13" count="2" type="stmt"/>
        <line num="15" count="58" type="cond" truecount="2" falsecount="0"/>
        <line num="17" count="58" type="cond" truecount="2" falsecount="0"/>
        <line num="25" count="58" type="cond" truecount="2" falsecount="0"/>
        <line num="29" count="2" type="stmt"/>
        <line num="40" count="2" type="stmt"/>
        <line num="48" count="2" type="stmt"/>
        <line num="54" count="2" type="stmt"/>
        <line num="55" count="2" type="stmt"/>
        <line num="58" count="2" type="stmt"/>
        <line num="62" count="2" type="stmt"/>
        <line num="67" count="13" type="stmt"/>
        <line num="68" count="13" type="stmt"/>
        <line num="77" count="13" type="stmt"/>
        <line num="81" count="13" type="stmt"/>
        <line num="82" count="5" type="stmt"/>
        <line num="87" count="5" type="stmt"/>
        <line num="90" count="5" type="cond" truecount="1" falsecount="1"/>
        <line num="91" count="5" type="stmt"/>
        <line num="98" count="11" type="cond" truecount="2" falsecount="0"/>
        <line num="103" count="17" type="stmt"/>
        <line num="104" count="17" type="cond" truecount="2" falsecount="0"/>
        <line num="105" count="4" type="stmt"/>
        <line num="114" count="13" type="cond" truecount="1" falsecount="1"/>
        <line num="115" count="13" type="stmt"/>
        <line num="131" count="0" type="stmt"/>
        <line num="136" count="17" type="stmt"/>
        <line num="140" count="7" type="stmt"/>
        <line num="141" count="7" type="stmt"/>
        <line num="143" count="7" type="cond" truecount="2" falsecount="0"/>
        <line num="147" count="7" type="stmt"/>
        <line num="148" count="11" type="cond" truecount="2" falsecount="0"/>
        <line num="149" count="11" type="cond" truecount="2" falsecount="0"/>
        <line num="150" count="11" type="stmt"/>
        <line num="154" count="7" type="cond" truecount="2" falsecount="0"/>
        <line num="155" count="3" type="stmt"/>
        <line num="156" count="3" type="stmt"/>
        <line num="157" count="6" type="stmt"/>
        <line num="159" count="0" type="stmt"/>
        <line num="163" count="3" type="stmt"/>
        <line num="165" count="6" type="cond" truecount="3" falsecount="0"/>
        <line num="169" count="7" type="stmt"/>
        <line num="176" count="5" type="stmt"/>
        <line num="184" count="13" type="stmt"/>
        <line num="185" count="8" type="stmt"/>
        <line num="186" count="8" type="stmt"/>
        <line num="189" count="8" type="stmt"/>
        <line num="190" count="5" type="stmt"/>
        <line num="196" count="13" type="stmt"/>
        <line num="197" count="10" type="stmt"/>
        <line num="198" count="10" type="cond" truecount="4" falsecount="0"/>
        <line num="199" count="3" type="stmt"/>
        <line num="200" count="7" type="cond" truecount="2" falsecount="2"/>
        <line num="201" count="0" type="stmt"/>
        <line num="202" count="7" type="cond" truecount="1" falsecount="1"/>
        <line num="203" count="7" type="stmt"/>
        <line num="208" count="3" type="stmt"/>
        <line num="209" count="3" type="stmt"/>
        <line num="211" count="3" type="stmt"/>
        <line num="220" count="7" type="stmt"/>
        <line num="221" count="7" type="cond" truecount="2" falsecount="0"/>
        <line num="222" count="6" type="stmt"/>
        <line num="223" count="6" type="stmt"/>
        <line num="225" count="6" type="stmt"/>
        <line num="231" count="6" type="stmt"/>
        <line num="236" count="1" type="stmt"/>
        <line num="240" count="13" type="stmt"/>
        <line num="241" count="5" type="stmt"/>
        <line num="242" count="12" type="stmt"/>
        <line num="243" count="5" type="stmt"/>
        <line num="244" count="5" type="stmt"/>
        <line num="250" count="5" type="cond" truecount="1" falsecount="1"/>
        <line num="251" count="5" type="stmt"/>
        <line num="266" count="58" type="stmt"/>
        <line num="267" count="58" type="stmt"/>
        <line num="290" count="17" type="cond" truecount="2" falsecount="0"/>
      </file>
    </package>
    <package name="front-end-utils.src.components.base">
      <metrics statements="62" coveredstatements="53" conditionals="41" coveredconditionals="27" methods="26" coveredmethods="17"/>
      <file name="ResultItem.js" path="/var/jenkins/workspace/sf-devtools-pipeline-release-to-npm/src/front-end-utils/src/components/base/ResultItem.js">
        <metrics statements="33" coveredstatements="24" conditionals="29" coveredconditionals="15" methods="12" coveredmethods="7"/>
        <line num="10" count="2" type="stmt"/>
        <line num="12" count="18" type="cond" truecount="2" falsecount="0"/>
        <line num="14" count="2" type="stmt"/>
        <line num="19" count="2" type="stmt"/>
        <line num="21" count="18" type="cond" truecount="1" falsecount="1"/>
        <line num="24" count="2" type="stmt"/>
        <line num="26" count="18" type="cond" truecount="2" falsecount="0"/>
        <line num="30" count="2" type="stmt"/>
        <line num="34" count="2" type="stmt"/>
        <line num="41" count="2" type="stmt"/>
        <line num="51" count="2" type="stmt"/>
        <line num="62" count="10" type="stmt"/>
        <line num="63" count="10" type="stmt"/>
        <line num="70" count="10" type="stmt"/>
        <line num="71" count="1" type="cond" truecount="1" falsecount="1"/>
        <line num="72" count="1" type="stmt"/>
        <line num="75" count="1" type="cond" truecount="3" falsecount="1"/>
        <line num="76" count="0" type="stmt"/>
        <line num="77" count="0" type="cond" truecount="0" falsecount="4"/>
        <line num="82" count="10" type="stmt"/>
        <line num="83" count="2" type="stmt"/>
        <line num="84" count="2" type="cond" truecount="1" falsecount="1"/>
        <line num="85" count="2" type="stmt"/>
        <line num="87" count="0" type="cond" truecount="0" falsecount="4"/>
        <line num="88" count="0" type="stmt"/>
        <line num="90" count="0" type="stmt"/>
        <line num="94" count="0" type="stmt"/>
        <line num="95" count="0" type="stmt"/>
        <line num="97" count="0" type="stmt"/>
        <line num="102" count="0" type="stmt"/>
        <line num="110" count="18" type="stmt"/>
        <line num="111" count="18" type="stmt"/>
        <line num="112" count="18" type="stmt"/>
      </file>
      <file name="SearchBar.js" path="/var/jenkins/workspace/sf-devtools-pipeline-release-to-npm/src/front-end-utils/src/components/base/SearchBar.js">
        <metrics statements="11" coveredstatements="11" conditionals="0" coveredconditionals="0" methods="3" coveredmethods="1"/>
        <line num="7" count="2" type="stmt"/>
        <line num="16" count="2" type="stmt"/>
        <line num="24" count="2" type="stmt"/>
        <line num="36" count="2" type="stmt"/>
        <line num="40" count="2" type="stmt"/>
        <line num="46" count="2" type="stmt"/>
        <line num="53" count="2" type="stmt"/>
        <line num="71" count="2" type="stmt"/>
        <line num="79" count="2" type="stmt"/>
        <line num="94" count="58" type="stmt"/>
        <line num="95" count="58" type="stmt"/>
      </file>
      <file name="item.js" path="/var/jenkins/workspace/sf-devtools-pipeline-release-to-npm/src/front-end-utils/src/components/base/item.js">
        <metrics statements="18" coveredstatements="18" conditionals="12" coveredconditionals="12" methods="11" coveredmethods="9"/>
        <line num="5" count="2" type="stmt"/>
        <line num="9" count="257" type="cond" truecount="2" falsecount="0"/>
        <line num="23" count="257" type="stmt"/>
        <line num="26" count="257" type="cond" truecount="2" falsecount="0"/>
        <line num="27" count="257" type="cond" truecount="2" falsecount="0"/>
        <line num="29" count="257" type="cond" truecount="2" falsecount="0"/>
        <line num="33" count="2" type="stmt"/>
        <line num="36" count="257" type="stmt"/>
        <line num="40" count="257" type="cond" truecount="2" falsecount="0"/>
        <line num="42" count="2" type="stmt"/>
        <line num="46" count="2" type="stmt"/>
        <line num="50" count="2" type="stmt"/>
        <line num="54" count="257" type="cond" truecount="2" falsecount="0"/>
        <line num="57" count="2" type="stmt"/>
        <line num="67" count="2" type="stmt"/>
        <line num="80" count="2" type="stmt"/>
        <line num="105" count="257" type="stmt"/>
        <line num="106" count="257" type="stmt"/>
      </file>
    </package>
    <package name="front-end-utils.src.constants">
      <metrics statements="11" coveredstatements="11" conditionals="0" coveredconditionals="0" methods="0" coveredmethods="0"/>
      <file name="pageUrl.js" path="/var/jenkins/workspace/sf-devtools-pipeline-release-to-npm/src/front-end-utils/src/constants/pageUrl.js">
        <metrics statements="3" coveredstatements="3" conditionals="0" coveredconditionals="0" methods="0" coveredmethods="0"/>
        <line num="1" count="1" type="stmt"/>
        <line num="2" count="1" type="stmt"/>
        <line num="3" count="1" type="stmt"/>
      </file>
      <file name="roleType.js" path="/var/jenkins/workspace/sf-devtools-pipeline-release-to-npm/src/front-end-utils/src/constants/roleType.js">
        <metrics statements="3" coveredstatements="3" conditionals="0" coveredconditionals="0" methods="0" coveredmethods="0"/>
        <line num="1" count="1" type="stmt"/>
        <line num="2" count="1" type="stmt"/>
        <line num="3" count="1" type="stmt"/>
      </file>
      <file name="searchType.js" path="/var/jenkins/workspace/sf-devtools-pipeline-release-to-npm/src/front-end-utils/src/constants/searchType.js">
        <metrics statements="5" coveredstatements="5" conditionals="0" coveredconditionals="0" methods="0" coveredmethods="0"/>
        <line num="1" count="2" type="stmt"/>
        <line num="2" count="2" type="stmt"/>
        <line num="3" count="2" type="stmt"/>
        <line num="4" count="2" type="stmt"/>
        <line num="6" count="2" type="stmt"/>
      </file>
    </package>
    <package name="front-end-utils.src.utils">
      <metrics statements="6" coveredstatements="5" conditionals="2" coveredconditionals="1" methods="3" coveredmethods="3"/>
      <file name="debounce.js" path="/var/jenkins/workspace/sf-devtools-pipeline-release-to-npm/src/front-end-utils/src/utils/debounce.js">
        <metrics statements="6" coveredstatements="5" conditionals="2" coveredconditionals="1" methods="3" coveredmethods="3"/>
        <line num="3" count="13" type="stmt"/>
        <line num="4" count="10" type="stmt"/>
        <line num="5" count="10" type="stmt"/>
        <line num="6" count="10" type="cond" truecount="1" falsecount="1"/>
        <line num="7" count="0" type="stmt"/>
        <line num="9" count="10" type="stmt"/>
      </file>
    </package>
    <package name="middlewares">
      <metrics statements="18" coveredstatements="18" conditionals="4" coveredconditionals="3" methods="2" coveredmethods="2"/>
      <file name="config.js" path="/var/jenkins/workspace/sf-devtools-pipeline-release-to-npm/src/middlewares/config.js">
        <metrics statements="18" coveredstatements="18" conditionals="4" coveredconditionals="3" methods="2" coveredmethods="2"/>
        <line num="1" count="1" type="stmt"/>
        <line num="2" count="1" type="stmt"/>
        <line num="3" count="1" type="stmt"/>
        <line num="4" count="1" type="stmt"/>
        <line num="6" count="1" type="stmt"/>
        <line num="7" count="1" type="stmt"/>
        <line num="8" count="1" type="stmt"/>
        <line num="10" count="1" type="stmt"/>
        <line num="13" count="1" type="stmt"/>
        <line num="14" count="1" type="stmt"/>
        <line num="15" count="1" type="stmt"/>
        <line num="17" count="1" type="stmt"/>
        <line num="20" count="1" type="cond" truecount="1" falsecount="1"/>
        <line num="22" count="1" type="stmt"/>
        <line num="23" count="1" type="stmt"/>
        <line num="25" count="1" type="stmt"/>
        <line num="26" count="1" type="stmt"/>
        <line num="35" count="1" type="stmt"/>
      </file>
    </package>
  </project>
</coverage>
