{"/var/jenkins/workspace/sf-devtools-pipeline-release-to-npm/src/constants/customUserAttributesMock.js": {"path":"/var/jenkins/workspace/sf-devtools-pipeline-release-to-npm/src/constants/customUserAttributesMock.js","statementMap":{"0":{"start":{"line":1,"column":33},"end":{"line":135,"column":1}},"1":{"start":{"line":137,"column":0},"end":{"line":137,"column":41}}},"fnMap":{},"branchMap":{},"s":{"0":2,"1":2},"f":{},"b":{},"_coverageSchema":"1a1c01bbd47fc00a2c39e90264f33305004495a9","hash":"6cb56999dd50ba9c9c5aa6a1ee575a5d9f3f28d5"}
,"/var/jenkins/workspace/sf-devtools-pipeline-release-to-npm/src/constants/pageUrls.js": {"path":"/var/jenkins/workspace/sf-devtools-pipeline-release-to-npm/src/constants/pageUrls.js","statementMap":{"0":{"start":{"line":1,"column":26},"end":{"line":1,"column":47}},"1":{"start":{"line":3,"column":24},"end":{"line":4,"column":41}},"2":{"start":{"line":4,"column":2},"end":{"line":4,"column":41}},"3":{"start":{"line":6,"column":0},"end":{"line":6,"column":55}}},"fnMap":{"0":{"name":"(anonymous_0)","decl":{"start":{"line":3,"column":24},"end":{"line":3,"column":25}},"loc":{"start":{"line":4,"column":2},"end":{"line":4,"column":41}},"line":4}},"branchMap":{},"s":{"0":3,"1":3,"2":18,"3":3},"f":{"0":18},"b":{},"_coverageSchema":"1a1c01bbd47fc00a2c39e90264f33305004495a9","hash":"3e2d8ce4709a62ab7a4694a1b3c45bb1a7cb6438"}
,"/var/jenkins/workspace/sf-devtools-pipeline-release-to-npm/src/constants/userMock.js": {"path":"/var/jenkins/workspace/sf-devtools-pipeline-release-to-npm/src/constants/userMock.js","statementMap":{"0":{"start":{"line":1,"column":29},"end":{"line":1,"column":66}},"1":{"start":{"line":3,"column":17},"end":{"line":24,"column":1}},"2":{"start":{"line":26,"column":0},"end":{"line":26,"column":25}}},"fnMap":{},"branchMap":{},"s":{"0":2,"1":2,"2":2},"f":{},"b":{},"_coverageSchema":"1a1c01bbd47fc00a2c39e90264f33305004495a9","hash":"322e05e2f23d7ef77d84323f30c08de9cb51459c"}
,"/var/jenkins/workspace/sf-devtools-pipeline-release-to-npm/src/controllers/index.js": {"path":"/var/jenkins/workspace/sf-devtools-pipeline-release-to-npm/src/controllers/index.js","statementMap":{"0":{"start":{"line":1,"column":13},"end":{"line":1,"column":31}},"1":{"start":{"line":2,"column":14},"end":{"line":2,"column":30}},"2":{"start":{"line":3,"column":11},"end":{"line":3,"column":24}},"3":{"start":{"line":4,"column":25},"end":{"line":4,"column":54}},"4":{"start":{"line":5,"column":24},"end":{"line":5,"column":62}},"5":{"start":{"line":6,"column":12},"end":{"line":6,"column":28}},"6":{"start":{"line":7,"column":18},"end":{"line":7,"column":35}},"7":{"start":{"line":9,"column":32},"end":{"line":9,"column":80}},"8":{"start":{"line":10,"column":32},"end":{"line":10,"column":80}},"9":{"start":{"line":12,"column":47},"end":{"line":12,"column":79}},"10":{"start":{"line":13,"column":26},"end":{"line":13,"column":68}},"11":{"start":{"line":15,"column":20},"end":{"line":15,"column":33}},"12":{"start":{"line":16,"column":18},"end":{"line":16,"column":41}},"13":{"start":{"line":17,"column":17},"end":{"line":17,"column":49}},"14":{"start":{"line":19,"column":32},"end":{"line":36,"column":1}},"15":{"start":{"line":20,"column":22},"end":{"line":34,"column":12}},"16":{"start":{"line":35,"column":2},"end":{"line":35,"column":58}},"17":{"start":{"line":47,"column":4},"end":{"line":47,"column":18}},"18":{"start":{"line":48,"column":4},"end":{"line":48,"column":43}},"19":{"start":{"line":49,"column":4},"end":{"line":49,"column":40}},"20":{"start":{"line":50,"column":4},"end":{"line":50,"column":27}},"21":{"start":{"line":51,"column":4},"end":{"line":51,"column":37}},"22":{"start":{"line":52,"column":4},"end":{"line":52,"column":77}},"23":{"start":{"line":53,"column":4},"end":{"line":53,"column":26}},"24":{"start":{"line":54,"column":4},"end":{"line":54,"column":34}},"25":{"start":{"line":55,"column":4},"end":{"line":55,"column":56}},"26":{"start":{"line":56,"column":4},"end":{"line":56,"column":18}},"27":{"start":{"line":57,"column":4},"end":{"line":57,"column":40}},"28":{"start":{"line":58,"column":4},"end":{"line":58,"column":20}},"29":{"start":{"line":59,"column":4},"end":{"line":59,"column":32}},"30":{"start":{"line":60,"column":4},"end":{"line":60,"column":79}},"31":{"start":{"line":61,"column":4},"end":{"line":61,"column":54}},"32":{"start":{"line":62,"column":4},"end":{"line":62,"column":65}},"33":{"start":{"line":63,"column":4},"end":{"line":63,"column":40}},"34":{"start":{"line":64,"column":4},"end":{"line":64,"column":54}},"35":{"start":{"line":65,"column":4},"end":{"line":68,"column":5}},"36":{"start":{"line":71,"column":4},"end":{"line":75,"column":5}},"37":{"start":{"line":72,"column":19},"end":{"line":72,"column":74}},"38":{"start":{"line":73,"column":6},"end":{"line":73,"column":40}},"39":{"start":{"line":74,"column":6},"end":{"line":74,"column":24}},"40":{"start":{"line":79,"column":4},"end":{"line":79,"column":77}},"41":{"start":{"line":83,"column":4},"end":{"line":83,"column":62}},"42":{"start":{"line":87,"column":4},"end":{"line":92,"column":6}},"43":{"start":{"line":88,"column":28},"end":{"line":88,"column":36}},"44":{"start":{"line":89,"column":28},"end":{"line":89,"column":61}},"45":{"start":{"line":90,"column":19},"end":{"line":90,"column":80}},"46":{"start":{"line":91,"column":6},"end":{"line":91,"column":51}},"47":{"start":{"line":96,"column":32},"end":{"line":96,"column":43}},"48":{"start":{"line":97,"column":17},"end":{"line":97,"column":44}},"49":{"start":{"line":98,"column":4},"end":{"line":98,"column":50}},"50":{"start":{"line":102,"column":20},"end":{"line":102,"column":22}},"51":{"start":{"line":103,"column":4},"end":{"line":105,"column":5}},"52":{"start":{"line":104,"column":6},"end":{"line":104,"column":54}},"53":{"start":{"line":106,"column":4},"end":{"line":106,"column":18}},"54":{"start":{"line":110,"column":4},"end":{"line":110,"column":57}},"55":{"start":{"line":114,"column":4},"end":{"line":119,"column":5}},"56":{"start":{"line":123,"column":4},"end":{"line":198,"column":6}},"57":{"start":{"line":124,"column":39},"end":{"line":124,"column":43}},"58":{"start":{"line":125,"column":6},"end":{"line":127,"column":7}},"59":{"start":{"line":126,"column":8},"end":{"line":126,"column":21}},"60":{"start":{"line":128,"column":21},"end":{"line":154,"column":7}},"61":{"start":{"line":155,"column":6},"end":{"line":197,"column":10}},"62":{"start":{"line":161,"column":23},"end":{"line":161,"column":54}},"63":{"start":{"line":162,"column":10},"end":{"line":164,"column":11}},"64":{"start":{"line":163,"column":12},"end":{"line":163,"column":39}},"65":{"start":{"line":165,"column":10},"end":{"line":165,"column":67}},"66":{"start":{"line":166,"column":10},"end":{"line":172,"column":12}},"67":{"start":{"line":175,"column":10},"end":{"line":175,"column":28}},"68":{"start":{"line":176,"column":10},"end":{"line":196,"column":11}},"69":{"start":{"line":177,"column":31},"end":{"line":177,"column":52}},"70":{"start":{"line":178,"column":12},"end":{"line":185,"column":13}},"71":{"start":{"line":182,"column":26},"end":{"line":182,"column":55}},"72":{"start":{"line":183,"column":14},"end":{"line":183,"column":39}},"73":{"start":{"line":184,"column":14},"end":{"line":184,"column":46}},"74":{"start":{"line":186,"column":12},"end":{"line":188,"column":13}},"75":{"start":{"line":189,"column":12},"end":{"line":189,"column":44}},"76":{"start":{"line":191,"column":30},"end":{"line":191,"column":40}},"77":{"start":{"line":192,"column":12},"end":{"line":194,"column":13}},"78":{"start":{"line":195,"column":12},"end":{"line":195,"column":43}},"79":{"start":{"line":202,"column":4},"end":{"line":202,"column":66}},"80":{"start":{"line":206,"column":4},"end":{"line":215,"column":5}},"81":{"start":{"line":207,"column":6},"end":{"line":212,"column":7}},"82":{"start":{"line":214,"column":6},"end":{"line":214,"column":41}},"83":{"start":{"line":216,"column":4},"end":{"line":216,"column":13}},"84":{"start":{"line":220,"column":4},"end":{"line":231,"column":5}},"85":{"start":{"line":221,"column":6},"end":{"line":228,"column":7}},"86":{"start":{"line":230,"column":6},"end":{"line":230,"column":58}},"87":{"start":{"line":232,"column":4},"end":{"line":232,"column":13}},"88":{"start":{"line":236,"column":4},"end":{"line":246,"column":5}},"89":{"start":{"line":237,"column":6},"end":{"line":242,"column":7}},"90":{"start":{"line":247,"column":4},"end":{"line":247,"column":13}},"91":{"start":{"line":251,"column":22},"end":{"line":254,"column":20}},"92":{"start":{"line":255,"column":4},"end":{"line":261,"column":5}},"93":{"start":{"line":256,"column":6},"end":{"line":256,"column":38}},"94":{"start":{"line":258,"column":6},"end":{"line":260,"column":7}},"95":{"start":{"line":262,"column":4},"end":{"line":262,"column":13}},"96":{"start":{"line":266,"column":25},"end":{"line":269,"column":5}},"97":{"start":{"line":271,"column":6},"end":{"line":273,"column":12}},"98":{"start":{"line":274,"column":4},"end":{"line":274,"column":66}},"99":{"start":{"line":278,"column":4},"end":{"line":278,"column":68}},"100":{"start":{"line":278,"column":19},"end":{"line":278,"column":68}},"101":{"start":{"line":283,"column":17},"end":{"line":292,"column":5}},"102":{"start":{"line":293,"column":25},"end":{"line":293,"column":47}},"103":{"start":{"line":294,"column":22},"end":{"line":294,"column":47}},"104":{"start":{"line":295,"column":21},"end":{"line":295,"column":46}},"105":{"start":{"line":296,"column":29},"end":{"line":296,"column":59}},"106":{"start":{"line":297,"column":21},"end":{"line":297,"column":23}},"107":{"start":{"line":298,"column":4},"end":{"line":317,"column":6}},"108":{"start":{"line":304,"column":6},"end":{"line":311,"column":7}},"109":{"start":{"line":305,"column":8},"end":{"line":310,"column":29}},"110":{"start":{"line":312,"column":28},"end":{"line":312,"column":51}},"111":{"start":{"line":313,"column":6},"end":{"line":316,"column":14}},"112":{"start":{"line":321,"column":29},"end":{"line":321,"column":31}},"113":{"start":{"line":322,"column":28},"end":{"line":322,"column":58}},"114":{"start":{"line":323,"column":4},"end":{"line":335,"column":6}},"115":{"start":{"line":324,"column":6},"end":{"line":334,"column":7}},"116":{"start":{"line":325,"column":28},"end":{"line":328,"column":9}},"117":{"start":{"line":329,"column":8},"end":{"line":329,"column":70}},"118":{"start":{"line":331,"column":8},"end":{"line":333,"column":9}},"119":{"start":{"line":336,"column":4},"end":{"line":336,"column":27}},"120":{"start":{"line":340,"column":4},"end":{"line":342,"column":5}},"121":{"start":{"line":341,"column":6},"end":{"line":341,"column":45}},"122":{"start":{"line":343,"column":4},"end":{"line":343,"column":59}},"123":{"start":{"line":348,"column":24},"end":{"line":348,"column":70}},"124":{"start":{"line":349,"column":29},"end":{"line":349,"column":66}},"125":{"start":{"line":350,"column":23},"end":{"line":350,"column":45}},"126":{"start":{"line":351,"column":4},"end":{"line":351,"column":59}},"127":{"start":{"line":352,"column":29},"end":{"line":352,"column":59}},"128":{"start":{"line":353,"column":25},"end":{"line":355,"column":10}},"129":{"start":{"line":356,"column":32},"end":{"line":360,"column":5}},"130":{"start":{"line":361,"column":25},"end":{"line":364,"column":5}},"131":{"start":{"line":366,"column":22},"end":{"line":366,"column":47}},"132":{"start":{"line":367,"column":21},"end":{"line":367,"column":23}},"133":{"start":{"line":368,"column":25},"end":{"line":368,"column":56}},"134":{"start":{"line":369,"column":15},"end":{"line":369,"column":55}},"135":{"start":{"line":371,"column":4},"end":{"line":436,"column":5}},"136":{"start":{"line":372,"column":21},"end":{"line":372,"column":65}},"137":{"start":{"line":373,"column":6},"end":{"line":376,"column":7}},"138":{"start":{"line":377,"column":41},"end":{"line":388,"column":7}},"139":{"start":{"line":378,"column":8},"end":{"line":387,"column":9}},"140":{"start":{"line":379,"column":10},"end":{"line":385,"column":11}},"141":{"start":{"line":386,"column":10},"end":{"line":386,"column":37}},"142":{"start":{"line":390,"column":6},"end":{"line":433,"column":8}},"143":{"start":{"line":392,"column":8},"end":{"line":392,"column":40}},"144":{"start":{"line":393,"column":8},"end":{"line":432,"column":10}},"145":{"start":{"line":399,"column":10},"end":{"line":429,"column":11}},"146":{"start":{"line":400,"column":12},"end":{"line":426,"column":37}},"147":{"start":{"line":428,"column":12},"end":{"line":428,"column":70}},"148":{"start":{"line":430,"column":32},"end":{"line":430,"column":55}},"149":{"start":{"line":431,"column":10},"end":{"line":431,"column":38}},"150":{"start":{"line":435,"column":6},"end":{"line":435,"column":31}},"151":{"start":{"line":440,"column":0},"end":{"line":440,"column":22}}},"fnMap":{"0":{"name":"(anonymous_0)","decl":{"start":{"line":19,"column":32},"end":{"line":19,"column":33}},"loc":{"start":{"line":19,"column":40},"end":{"line":36,"column":1}},"line":19},"1":{"name":"(anonymous_1)","decl":{"start":{"line":39,"column":2},"end":{"line":39,"column":3}},"loc":{"start":{"line":46,"column":5},"end":{"line":76,"column":3}},"line":46},"2":{"name":"(anonymous_2)","decl":{"start":{"line":78,"column":2},"end":{"line":78,"column":3}},"loc":{"start":{"line":78,"column":21},"end":{"line":80,"column":3}},"line":78},"3":{"name":"(anonymous_3)","decl":{"start":{"line":82,"column":2},"end":{"line":82,"column":3}},"loc":{"start":{"line":82,"column":16},"end":{"line":84,"column":3}},"line":82},"4":{"name":"(anonymous_4)","decl":{"start":{"line":86,"column":2},"end":{"line":86,"column":3}},"loc":{"start":{"line":86,"column":25},"end":{"line":93,"column":3}},"line":86},"5":{"name":"(anonymous_5)","decl":{"start":{"line":87,"column":46},"end":{"line":87,"column":47}},"loc":{"start":{"line":87,"column":58},"end":{"line":92,"column":5}},"line":87},"6":{"name":"(anonymous_6)","decl":{"start":{"line":95,"column":2},"end":{"line":95,"column":3}},"loc":{"start":{"line":95,"column":30},"end":{"line":99,"column":3}},"line":95},"7":{"name":"(anonymous_7)","decl":{"start":{"line":101,"column":2},"end":{"line":101,"column":3}},"loc":{"start":{"line":101,"column":19},"end":{"line":107,"column":3}},"line":101},"8":{"name":"(anonymous_8)","decl":{"start":{"line":109,"column":2},"end":{"line":109,"column":3}},"loc":{"start":{"line":109,"column":31},"end":{"line":111,"column":3}},"line":109},"9":{"name":"(anonymous_9)","decl":{"start":{"line":113,"column":2},"end":{"line":113,"column":3}},"loc":{"start":{"line":113,"column":43},"end":{"line":120,"column":3}},"line":113},"10":{"name":"(anonymous_10)","decl":{"start":{"line":122,"column":2},"end":{"line":122,"column":3}},"loc":{"start":{"line":122,"column":24},"end":{"line":199,"column":3}},"line":122},"11":{"name":"(anonymous_11)","decl":{"start":{"line":123,"column":23},"end":{"line":123,"column":24}},"loc":{"start":{"line":123,"column":34},"end":{"line":198,"column":5}},"line":123},"12":{"name":"(anonymous_12)","decl":{"start":{"line":160,"column":14},"end":{"line":160,"column":15}},"loc":{"start":{"line":160,"column":26},"end":{"line":173,"column":9}},"line":160},"13":{"name":"(anonymous_13)","decl":{"start":{"line":174,"column":15},"end":{"line":174,"column":16}},"loc":{"start":{"line":174,"column":24},"end":{"line":197,"column":9}},"line":174},"14":{"name":"(anonymous_14)","decl":{"start":{"line":201,"column":2},"end":{"line":201,"column":3}},"loc":{"start":{"line":201,"column":20},"end":{"line":203,"column":3}},"line":201},"15":{"name":"(anonymous_15)","decl":{"start":{"line":205,"column":2},"end":{"line":205,"column":3}},"loc":{"start":{"line":205,"column":19},"end":{"line":217,"column":3}},"line":205},"16":{"name":"(anonymous_16)","decl":{"start":{"line":219,"column":2},"end":{"line":219,"column":3}},"loc":{"start":{"line":219,"column":39},"end":{"line":233,"column":3}},"line":219},"17":{"name":"(anonymous_17)","decl":{"start":{"line":235,"column":2},"end":{"line":235,"column":3}},"loc":{"start":{"line":235,"column":20},"end":{"line":248,"column":3}},"line":235},"18":{"name":"(anonymous_18)","decl":{"start":{"line":250,"column":2},"end":{"line":250,"column":3}},"loc":{"start":{"line":250,"column":27},"end":{"line":263,"column":3}},"line":250},"19":{"name":"(anonymous_19)","decl":{"start":{"line":265,"column":2},"end":{"line":265,"column":3}},"loc":{"start":{"line":265,"column":20},"end":{"line":275,"column":3}},"line":265},"20":{"name":"(anonymous_20)","decl":{"start":{"line":277,"column":2},"end":{"line":277,"column":3}},"loc":{"start":{"line":277,"column":28},"end":{"line":279,"column":3}},"line":277},"21":{"name":"(anonymous_21)","decl":{"start":{"line":278,"column":11},"end":{"line":278,"column":12}},"loc":{"start":{"line":278,"column":19},"end":{"line":278,"column":68}},"line":278},"22":{"name":"(anonymous_22)","decl":{"start":{"line":281,"column":2},"end":{"line":281,"column":3}},"loc":{"start":{"line":281,"column":38},"end":{"line":318,"column":3}},"line":281},"23":{"name":"(anonymous_23)","decl":{"start":{"line":303,"column":11},"end":{"line":303,"column":12}},"loc":{"start":{"line":303,"column":19},"end":{"line":317,"column":5}},"line":303},"24":{"name":"(anonymous_24)","decl":{"start":{"line":320,"column":2},"end":{"line":320,"column":3}},"loc":{"start":{"line":320,"column":35},"end":{"line":337,"column":3}},"line":320},"25":{"name":"(anonymous_25)","decl":{"start":{"line":323,"column":24},"end":{"line":323,"column":25}},"loc":{"start":{"line":323,"column":34},"end":{"line":335,"column":5}},"line":323},"26":{"name":"(anonymous_26)","decl":{"start":{"line":339,"column":2},"end":{"line":339,"column":3}},"loc":{"start":{"line":339,"column":38},"end":{"line":344,"column":3}},"line":339},"27":{"name":"(anonymous_27)","decl":{"start":{"line":346,"column":2},"end":{"line":346,"column":3}},"loc":{"start":{"line":346,"column":11},"end":{"line":437,"column":3}},"line":346},"28":{"name":"(anonymous_28)","decl":{"start":{"line":377,"column":41},"end":{"line":377,"column":42}},"loc":{"start":{"line":377,"column":49},"end":{"line":388,"column":7}},"line":377},"29":{"name":"(anonymous_29)","decl":{"start":{"line":390,"column":38},"end":{"line":390,"column":39}},"loc":{"start":{"line":390,"column":46},"end":{"line":433,"column":7}},"line":390},"30":{"name":"(anonymous_30)","decl":{"start":{"line":398,"column":15},"end":{"line":398,"column":16}},"loc":{"start":{"line":398,"column":23},"end":{"line":432,"column":9}},"line":398}},"branchMap":{"0":{"loc":{"start":{"line":40,"column":4},"end":{"line":43,"column":5}},"type":"default-arg","locations":[{"start":{"line":40,"column":10},"end":{"line":43,"column":5}}],"line":40},"1":{"loc":{"start":{"line":44,"column":4},"end":{"line":44,"column":12}},"type":"default-arg","locations":[{"start":{"line":44,"column":10},"end":{"line":44,"column":12}}],"line":44},"2":{"loc":{"start":{"line":52,"column":22},"end":{"line":52,"column":77}},"type":"binary-expr","locations":[{"start":{"line":52,"column":22},"end":{"line":52,"column":32}},{"start":{"line":52,"column":36},"end":{"line":52,"column":49}},{"start":{"line":52,"column":53},"end":{"line":52,"column":77}}],"line":52},"3":{"loc":{"start":{"line":54,"column":18},"end":{"line":54,"column":34}},"type":"binary-expr","locations":[{"start":{"line":54,"column":18},"end":{"line":54,"column":28}},{"start":{"line":54,"column":32},"end":{"line":54,"column":34}}],"line":54},"4":{"loc":{"start":{"line":55,"column":25},"end":{"line":55,"column":56}},"type":"binary-expr","locations":[{"start":{"line":55,"column":25},"end":{"line":55,"column":50}},{"start":{"line":55,"column":54},"end":{"line":55,"column":56}}],"line":55},"5":{"loc":{"start":{"line":60,"column":18},"end":{"line":60,"column":79}},"type":"cond-expr","locations":[{"start":{"line":60,"column":52},"end":{"line":60,"column":69}},{"start":{"line":60,"column":72},"end":{"line":60,"column":79}}],"line":60},"6":{"loc":{"start":{"line":60,"column":18},"end":{"line":60,"column":49}},"type":"binary-expr","locations":[{"start":{"line":60,"column":18},"end":{"line":60,"column":28}},{"start":{"line":60,"column":32},"end":{"line":60,"column":49}}],"line":60},"7":{"loc":{"start":{"line":71,"column":4},"end":{"line":75,"column":5}},"type":"if","locations":[{"start":{"line":71,"column":4},"end":{"line":75,"column":5}},{"start":{},"end":{}}],"line":71},"8":{"loc":{"start":{"line":71,"column":8},"end":{"line":71,"column":62}},"type":"binary-expr","locations":[{"start":{"line":71,"column":8},"end":{"line":71,"column":25}},{"start":{"line":71,"column":29},"end":{"line":71,"column":62}}],"line":71},"9":{"loc":{"start":{"line":79,"column":14},"end":{"line":79,"column":76}},"type":"binary-expr","locations":[{"start":{"line":79,"column":14},"end":{"line":79,"column":31}},{"start":{"line":79,"column":35},"end":{"line":79,"column":50}},{"start":{"line":79,"column":54},"end":{"line":79,"column":76}}],"line":79},"10":{"loc":{"start":{"line":83,"column":11},"end":{"line":83,"column":62}},"type":"cond-expr","locations":[{"start":{"line":83,"column":37},"end":{"line":83,"column":55}},{"start":{"line":83,"column":58},"end":{"line":83,"column":62}}],"line":83},"11":{"loc":{"start":{"line":88,"column":14},"end":{"line":88,"column":23}},"type":"default-arg","locations":[{"start":{"line":88,"column":21},"end":{"line":88,"column":23}}],"line":88},"12":{"loc":{"start":{"line":89,"column":28},"end":{"line":89,"column":61}},"type":"binary-expr","locations":[{"start":{"line":89,"column":28},"end":{"line":89,"column":39}},{"start":{"line":89,"column":43},"end":{"line":89,"column":61}}],"line":89},"13":{"loc":{"start":{"line":90,"column":19},"end":{"line":90,"column":80}},"type":"cond-expr","locations":[{"start":{"line":90,"column":50},"end":{"line":90,"column":57}},{"start":{"line":90,"column":60},"end":{"line":90,"column":80}}],"line":90},"14":{"loc":{"start":{"line":97,"column":17},"end":{"line":97,"column":44}},"type":"binary-expr","locations":[{"start":{"line":97,"column":17},"end":{"line":97,"column":37}},{"start":{"line":97,"column":41},"end":{"line":97,"column":44}}],"line":97},"15":{"loc":{"start":{"line":103,"column":4},"end":{"line":105,"column":5}},"type":"if","locations":[{"start":{"line":103,"column":4},"end":{"line":105,"column":5}},{"start":{},"end":{}}],"line":103},"16":{"loc":{"start":{"line":109,"column":20},"end":{"line":109,"column":29}},"type":"default-arg","locations":[{"start":{"line":109,"column":27},"end":{"line":109,"column":29}}],"line":109},"17":{"loc":{"start":{"line":115,"column":6},"end":{"line":118,"column":21}},"type":"binary-expr","locations":[{"start":{"line":115,"column":6},"end":{"line":115,"column":26}},{"start":{"line":116,"column":6},"end":{"line":116,"column":16}},{"start":{"line":117,"column":6},"end":{"line":117,"column":48}},{"start":{"line":118,"column":6},"end":{"line":118,"column":21}}],"line":115},"18":{"loc":{"start":{"line":125,"column":6},"end":{"line":127,"column":7}},"type":"if","locations":[{"start":{"line":125,"column":6},"end":{"line":127,"column":7}},{"start":{},"end":{}}],"line":125},"19":{"loc":{"start":{"line":162,"column":10},"end":{"line":164,"column":11}},"type":"if","locations":[{"start":{"line":162,"column":10},"end":{"line":164,"column":11}},{"start":{},"end":{}}],"line":162},"20":{"loc":{"start":{"line":165,"column":31},"end":{"line":165,"column":67}},"type":"binary-expr","locations":[{"start":{"line":165,"column":31},"end":{"line":165,"column":56}},{"start":{"line":165,"column":60},"end":{"line":165,"column":67}}],"line":165},"21":{"loc":{"start":{"line":176,"column":10},"end":{"line":196,"column":11}},"type":"if","locations":[{"start":{"line":176,"column":10},"end":{"line":196,"column":11}},{"start":{"line":190,"column":17},"end":{"line":196,"column":11}}],"line":176},"22":{"loc":{"start":{"line":178,"column":12},"end":{"line":185,"column":13}},"type":"if","locations":[{"start":{"line":178,"column":12},"end":{"line":185,"column":13}},{"start":{},"end":{}}],"line":178},"23":{"loc":{"start":{"line":179,"column":14},"end":{"line":180,"column":62}},"type":"binary-expr","locations":[{"start":{"line":179,"column":14},"end":{"line":179,"column":24}},{"start":{"line":180,"column":14},"end":{"line":180,"column":62}}],"line":179},"24":{"loc":{"start":{"line":271,"column":6},"end":{"line":273,"column":12}},"type":"cond-expr","locations":[{"start":{"line":272,"column":10},"end":{"line":272,"column":73}},{"start":{"line":273,"column":10},"end":{"line":273,"column":12}}],"line":271},"25":{"loc":{"start":{"line":281,"column":18},"end":{"line":281,"column":36}},"type":"default-arg","locations":[{"start":{"line":281,"column":31},"end":{"line":281,"column":36}}],"line":281},"26":{"loc":{"start":{"line":304,"column":6},"end":{"line":311,"column":7}},"type":"if","locations":[{"start":{"line":304,"column":6},"end":{"line":311,"column":7}},{"start":{},"end":{}}],"line":304},"27":{"loc":{"start":{"line":312,"column":28},"end":{"line":312,"column":51}},"type":"binary-expr","locations":[{"start":{"line":312,"column":28},"end":{"line":312,"column":43}},{"start":{"line":312,"column":47},"end":{"line":312,"column":51}}],"line":312},"28":{"loc":{"start":{"line":340,"column":4},"end":{"line":342,"column":5}},"type":"if","locations":[{"start":{"line":340,"column":4},"end":{"line":342,"column":5}},{"start":{},"end":{}}],"line":340},"29":{"loc":{"start":{"line":353,"column":25},"end":{"line":355,"column":10}},"type":"cond-expr","locations":[{"start":{"line":354,"column":8},"end":{"line":354,"column":70}},{"start":{"line":355,"column":8},"end":{"line":355,"column":10}}],"line":353},"30":{"loc":{"start":{"line":354,"column":8},"end":{"line":354,"column":70}},"type":"binary-expr","locations":[{"start":{"line":354,"column":8},"end":{"line":354,"column":64}},{"start":{"line":354,"column":68},"end":{"line":354,"column":70}}],"line":354},"31":{"loc":{"start":{"line":371,"column":4},"end":{"line":436,"column":5}},"type":"if","locations":[{"start":{"line":371,"column":4},"end":{"line":436,"column":5}},{"start":{"line":434,"column":11},"end":{"line":436,"column":5}}],"line":371},"32":{"loc":{"start":{"line":372,"column":21},"end":{"line":372,"column":65}},"type":"cond-expr","locations":[{"start":{"line":372,"column":36},"end":{"line":372,"column":46}},{"start":{"line":372,"column":49},"end":{"line":372,"column":65}}],"line":372},"33":{"loc":{"start":{"line":378,"column":8},"end":{"line":387,"column":9}},"type":"if","locations":[{"start":{"line":378,"column":8},"end":{"line":387,"column":9}},{"start":{},"end":{}}],"line":378},"34":{"loc":{"start":{"line":399,"column":10},"end":{"line":429,"column":11}},"type":"if","locations":[{"start":{"line":399,"column":10},"end":{"line":429,"column":11}},{"start":{},"end":{}}],"line":399},"35":{"loc":{"start":{"line":430,"column":32},"end":{"line":430,"column":55}},"type":"binary-expr","locations":[{"start":{"line":430,"column":32},"end":{"line":430,"column":47}},{"start":{"line":430,"column":51},"end":{"line":430,"column":55}}],"line":430}},"s":{"0":2,"1":2,"2":2,"3":2,"4":2,"5":2,"6":2,"7":2,"8":2,"9":2,"10":2,"11":2,"12":2,"13":2,"14":2,"15":2,"16":2,"17":9,"18":9,"19":9,"20":9,"21":9,"22":9,"23":9,"24":9,"25":9,"26":9,"27":9,"28":9,"29":9,"30":9,"31":9,"32":9,"33":9,"34":9,"35":9,"36":9,"37":0,"38":0,"39":0,"40":4,"41":2,"42":0,"43":0,"44":0,"45":0,"46":0,"47":0,"48":0,"49":0,"50":2,"51":2,"52":0,"53":2,"54":2,"55":0,"56":2,"57":2,"58":2,"59":1,"60":2,"61":2,"62":2,"63":2,"64":0,"65":2,"66":2,"67":0,"68":0,"69":0,"70":0,"71":0,"72":0,"73":0,"74":0,"75":0,"76":0,"77":0,"78":0,"79":2,"80":9,"81":9,"82":9,"83":9,"84":4,"85":4,"86":4,"87":4,"88":9,"89":9,"90":9,"91":18,"92":18,"93":18,"94":18,"95":18,"96":9,"97":9,"98":9,"99":2,"100":0,"101":0,"102":0,"103":0,"104":0,"105":0,"106":0,"107":0,"108":0,"109":0,"110":0,"111":0,"112":2,"113":2,"114":2,"115":2,"116":2,"117":2,"118":0,"119":2,"120":2,"121":1,"122":1,"123":2,"124":2,"125":2,"126":2,"127":2,"128":2,"129":2,"130":2,"131":2,"132":2,"133":2,"134":2,"135":2,"136":2,"137":2,"138":2,"139":2,"140":1,"141":1,"142":2,"143":2,"144":2,"145":2,"146":2,"147":2,"148":2,"149":2,"150":0,"151":2},"f":{"0":2,"1":9,"2":4,"3":2,"4":0,"5":0,"6":0,"7":2,"8":2,"9":0,"10":2,"11":2,"12":2,"13":0,"14":2,"15":9,"16":4,"17":9,"18":18,"19":9,"20":2,"21":0,"22":0,"23":0,"24":2,"25":2,"26":2,"27":2,"28":2,"29":2,"30":2},"b":{"0":[5],"1":[9],"2":[9,9,2],"3":[9,8],"4":[9,8],"5":[4,5],"6":[9,9],"7":[0,9],"8":[9,0],"9":[4,2,2],"10":[1,1],"11":[0],"12":[0,0],"13":[0,0],"14":[0,0],"15":[0,2],"16":[0],"17":[0,0,0,0],"18":[1,1],"19":[0,2],"20":[2,2],"21":[0,0],"22":[0,0],"23":[0,0],"24":[1,8],"25":[0],"26":[0,0],"27":[0,0],"28":[1,1],"29":[0,2],"30":[0,0],"31":[2,0],"32":[1,1],"33":[1,1],"34":[2,0],"35":[2,0]},"_coverageSchema":"1a1c01bbd47fc00a2c39e90264f33305004495a9","hash":"10ee36627a0380f55a37d72879b0fc07788f74fa"}
,"/var/jenkins/workspace/sf-devtools-pipeline-release-to-npm/src/controllers/controllers-utils/assetsUtils.js": {"path":"/var/jenkins/workspace/sf-devtools-pipeline-release-to-npm/src/controllers/controllers-utils/assetsUtils.js","statementMap":{"0":{"start":{"line":1,"column":30},"end":{"line":1,"column":65}},"1":{"start":{"line":4,"column":2},"end":{"line":6,"column":3}},"2":{"start":{"line":5,"column":4},"end":{"line":5,"column":13}},"3":{"start":{"line":7,"column":20},"end":{"line":16,"column":8}},"4":{"start":{"line":8,"column":18},"end":{"line":12,"column":5}},"5":{"start":{"line":14,"column":4},"end":{"line":14,"column":29}},"6":{"start":{"line":15,"column":4},"end":{"line":15,"column":17}},"7":{"start":{"line":17,"column":2},"end":{"line":17,"column":18}},"8":{"start":{"line":21,"column":17},"end":{"line":21,"column":57}},"9":{"start":{"line":22,"column":16},"end":{"line":22,"column":54}},"10":{"start":{"line":24,"column":17},"end":{"line":27,"column":3}},"11":{"start":{"line":28,"column":2},"end":{"line":28,"column":15}},"12":{"start":{"line":31,"column":0},"end":{"line":31,"column":34}}},"fnMap":{"0":{"name":"buildAssetTypeList","decl":{"start":{"line":3,"column":9},"end":{"line":3,"column":27}},"loc":{"start":{"line":3,"column":55},"end":{"line":18,"column":1}},"line":3},"1":{"name":"(anonymous_1)","decl":{"start":{"line":7,"column":42},"end":{"line":7,"column":43}},"loc":{"start":{"line":7,"column":65},"end":{"line":16,"column":3}},"line":7},"2":{"name":"buildHeaderAssets","decl":{"start":{"line":20,"column":9},"end":{"line":20,"column":26}},"loc":{"start":{"line":20,"column":50},"end":{"line":29,"column":1}},"line":20}},"branchMap":{"0":{"loc":{"start":{"line":4,"column":2},"end":{"line":6,"column":3}},"type":"if","locations":[{"start":{"line":4,"column":2},"end":{"line":6,"column":3}},{"start":{},"end":{}}],"line":4}},"s":{"0":3,"1":22,"2":1,"3":21,"4":3,"5":3,"6":3,"7":21,"8":11,"9":11,"10":11,"11":11,"12":3},"f":{"0":22,"1":3,"2":11},"b":{"0":[1,21]},"_coverageSchema":"1a1c01bbd47fc00a2c39e90264f33305004495a9","hash":"fe42e31be8919be39ab3aac0c5d543b82ff44d07"}
,"/var/jenkins/workspace/sf-devtools-pipeline-release-to-npm/src/controllers/data-filters/bootstrap-data-filter.js": {"path":"/var/jenkins/workspace/sf-devtools-pipeline-release-to-npm/src/controllers/data-filters/bootstrap-data-filter.js","statementMap":{"0":{"start":{"line":1,"column":28},"end":{"line":18,"column":1}},"1":{"start":{"line":2,"column":26},"end":{"line":2,"column":45}},"2":{"start":{"line":3,"column":2},"end":{"line":16,"column":3}},"3":{"start":{"line":4,"column":4},"end":{"line":15,"column":5}},"4":{"start":{"line":6,"column":31},"end":{"line":6,"column":36}},"5":{"start":{"line":8,"column":8},"end":{"line":10,"column":9}},"6":{"start":{"line":9,"column":10},"end":{"line":9,"column":31}},"7":{"start":{"line":11,"column":8},"end":{"line":11,"column":63}},"8":{"start":{"line":12,"column":8},"end":{"line":12,"column":29}},"9":{"start":{"line":17,"column":2},"end":{"line":17,"column":24}},"10":{"start":{"line":20,"column":0},"end":{"line":22,"column":1}}},"fnMap":{"0":{"name":"(anonymous_0)","decl":{"start":{"line":1,"column":28},"end":{"line":1,"column":29}},"loc":{"start":{"line":1,"column":51},"end":{"line":18,"column":1}},"line":1},"1":{"name":"(anonymous_1)","decl":{"start":{"line":5,"column":6},"end":{"line":5,"column":7}},"loc":{"start":{"line":5,"column":26},"end":{"line":13,"column":7}},"line":5}},"branchMap":{"0":{"loc":{"start":{"line":1,"column":29},"end":{"line":1,"column":46}},"type":"default-arg","locations":[{"start":{"line":1,"column":44},"end":{"line":1,"column":46}}],"line":1},"1":{"loc":{"start":{"line":3,"column":2},"end":{"line":16,"column":3}},"type":"if","locations":[{"start":{"line":3,"column":2},"end":{"line":16,"column":3}},{"start":{},"end":{}}],"line":3},"2":{"loc":{"start":{"line":3,"column":6},"end":{"line":3,"column":39}},"type":"binary-expr","locations":[{"start":{"line":3,"column":6},"end":{"line":3,"column":18}},{"start":{"line":3,"column":22},"end":{"line":3,"column":39}}],"line":3},"3":{"loc":{"start":{"line":8,"column":8},"end":{"line":10,"column":9}},"type":"if","locations":[{"start":{"line":8,"column":8},"end":{"line":10,"column":9}},{"start":{},"end":{}}],"line":8}},"s":{"0":2,"1":2,"2":2,"3":0,"4":0,"5":0,"6":0,"7":0,"8":0,"9":2,"10":2},"f":{"0":2,"1":0},"b":{"0":[0],"1":[0,2],"2":[2,2],"3":[0,0]},"_coverageSchema":"1a1c01bbd47fc00a2c39e90264f33305004495a9","hash":"34f4a01a2675bae8701e07b5a97bba35b7ef9c91"}
,"/var/jenkins/workspace/sf-devtools-pipeline-release-to-npm/src/controllers/data-filters/call-to-actions-filter.js": {"path":"/var/jenkins/workspace/sf-devtools-pipeline-release-to-npm/src/controllers/data-filters/call-to-actions-filter.js","statementMap":{"0":{"start":{"line":1,"column":12},"end":{"line":1,"column":26}},"1":{"start":{"line":2,"column":20},"end":{"line":2,"column":42}},"2":{"start":{"line":3,"column":12},"end":{"line":3,"column":28}},"3":{"start":{"line":4,"column":10},"end":{"line":4,"column":27}},"4":{"start":{"line":6,"column":26},"end":{"line":10,"column":1}},"5":{"start":{"line":12,"column":29},"end":{"line":17,"column":18}},"6":{"start":{"line":13,"column":2},"end":{"line":17,"column":18}},"7":{"start":{"line":19,"column":28},"end":{"line":32,"column":15}},"8":{"start":{"line":25,"column":2},"end":{"line":32,"column":15}},"9":{"start":{"line":34,"column":30},"end":{"line":53,"column":1}},"10":{"start":{"line":35,"column":33},"end":{"line":44,"column":3}},"11":{"start":{"line":36,"column":22},"end":{"line":36,"column":42}},"12":{"start":{"line":37,"column":37},"end":{"line":37,"column":71}},"13":{"start":{"line":38,"column":4},"end":{"line":43,"column":5}},"14":{"start":{"line":45,"column":41},"end":{"line":45,"column":53}},"15":{"start":{"line":46,"column":2},"end":{"line":51,"column":3}},"16":{"start":{"line":47,"column":4},"end":{"line":50,"column":5}},"17":{"start":{"line":52,"column":2},"end":{"line":52,"column":21}},"18":{"start":{"line":55,"column":28},"end":{"line":85,"column":1}},"19":{"start":{"line":56,"column":26},"end":{"line":56,"column":51}},"20":{"start":{"line":57,"column":2},"end":{"line":83,"column":3}},"21":{"start":{"line":67,"column":8},"end":{"line":67,"column":23}},"22":{"start":{"line":69,"column":4},"end":{"line":71,"column":25}},"23":{"start":{"line":70,"column":6},"end":{"line":70,"column":80}},"24":{"start":{"line":73,"column":4},"end":{"line":82,"column":16}},"25":{"start":{"line":74,"column":6},"end":{"line":81,"column":7}},"26":{"start":{"line":84,"column":2},"end":{"line":84,"column":24}},"27":{"start":{"line":87,"column":0},"end":{"line":89,"column":1}}},"fnMap":{"0":{"name":"(anonymous_0)","decl":{"start":{"line":12,"column":29},"end":{"line":12,"column":30}},"loc":{"start":{"line":13,"column":2},"end":{"line":17,"column":18}},"line":13},"1":{"name":"(anonymous_1)","decl":{"start":{"line":19,"column":28},"end":{"line":19,"column":29}},"loc":{"start":{"line":25,"column":2},"end":{"line":32,"column":15}},"line":25},"2":{"name":"(anonymous_2)","decl":{"start":{"line":34,"column":30},"end":{"line":34,"column":31}},"loc":{"start":{"line":34,"column":77},"end":{"line":53,"column":1}},"line":34},"3":{"name":"(anonymous_3)","decl":{"start":{"line":35,"column":33},"end":{"line":35,"column":34}},"loc":{"start":{"line":35,"column":46},"end":{"line":44,"column":3}},"line":35},"4":{"name":"(anonymous_4)","decl":{"start":{"line":55,"column":28},"end":{"line":55,"column":29}},"loc":{"start":{"line":55,"column":51},"end":{"line":85,"column":1}},"line":55},"5":{"name":"(anonymous_5)","decl":{"start":{"line":69,"column":30},"end":{"line":69,"column":31}},"loc":{"start":{"line":69,"column":56},"end":{"line":71,"column":5}},"line":69},"6":{"name":"(anonymous_6)","decl":{"start":{"line":73,"column":21},"end":{"line":73,"column":22}},"loc":{"start":{"line":73,"column":42},"end":{"line":82,"column":5}},"line":73}},"branchMap":{"0":{"loc":{"start":{"line":12,"column":30},"end":{"line":12,"column":39}},"type":"default-arg","locations":[{"start":{"line":12,"column":37},"end":{"line":12,"column":39}}],"line":12},"1":{"loc":{"start":{"line":46,"column":2},"end":{"line":51,"column":3}},"type":"if","locations":[{"start":{"line":46,"column":2},"end":{"line":51,"column":3}},{"start":{},"end":{}}],"line":46},"2":{"loc":{"start":{"line":55,"column":29},"end":{"line":55,"column":46}},"type":"default-arg","locations":[{"start":{"line":55,"column":44},"end":{"line":55,"column":46}}],"line":55},"3":{"loc":{"start":{"line":57,"column":2},"end":{"line":83,"column":3}},"type":"if","locations":[{"start":{"line":57,"column":2},"end":{"line":83,"column":3}},{"start":{},"end":{}}],"line":57},"4":{"loc":{"start":{"line":57,"column":6},"end":{"line":57,"column":46}},"type":"binary-expr","locations":[{"start":{"line":57,"column":6},"end":{"line":57,"column":18}},{"start":{"line":57,"column":22},"end":{"line":57,"column":46}}],"line":57}},"s":{"0":3,"1":3,"2":3,"3":3,"4":3,"5":3,"6":6,"7":3,"8":6,"9":3,"10":13,"11":6,"12":6,"13":6,"14":13,"15":13,"16":6,"17":7,"18":3,"19":4,"20":4,"21":2,"22":2,"23":2,"24":2,"25":11,"26":4,"27":3},"f":{"0":6,"1":6,"2":13,"3":6,"4":4,"5":2,"6":11},"b":{"0":[0],"1":[6,7],"2":[0],"3":[2,2],"4":[4,4]},"_coverageSchema":"1a1c01bbd47fc00a2c39e90264f33305004495a9","hash":"68a5b4a2955fdf7fc3162e5b8c40e119f03192a1"}
,"/var/jenkins/workspace/sf-devtools-pipeline-release-to-npm/src/front-end-utils/src/components/container.js": {"path":"/var/jenkins/workspace/sf-devtools-pipeline-release-to-npm/src/front-end-utils/src/components/container.js","statementMap":{"0":{"start":{"line":16,"column":16},"end":{"line":29,"column":1}},"1":{"start":{"line":23,"column":28},"end":{"line":23,"column":49}},"2":{"start":{"line":27,"column":25},"end":{"line":27,"column":29}},"3":{"start":{"line":32,"column":4},"end":{"line":34,"column":5}},"4":{"start":{"line":38,"column":4},"end":{"line":38,"column":16}},"5":{"start":{"line":39,"column":4},"end":{"line":45,"column":5}},"6":{"start":{"line":48,"column":19},"end":{"line":55,"column":3}},"7":{"start":{"line":49,"column":20},"end":{"line":49,"column":49}},"8":{"start":{"line":50,"column":4},"end":{"line":54,"column":6}},"9":{"start":{"line":57,"column":18},"end":{"line":64,"column":3}},"10":{"start":{"line":58,"column":20},"end":{"line":58,"column":49}},"11":{"start":{"line":59,"column":4},"end":{"line":63,"column":6}},"12":{"start":{"line":66,"column":15},"end":{"line":70,"column":3}},"13":{"start":{"line":67,"column":4},"end":{"line":69,"column":6}},"14":{"start":{"line":73,"column":46},"end":{"line":73,"column":56}},"15":{"start":{"line":74,"column":22},"end":{"line":78,"column":5}},"16":{"start":{"line":80,"column":24},"end":{"line":80,"column":26}},"17":{"start":{"line":81,"column":21},"end":{"line":81,"column":23}},"18":{"start":{"line":83,"column":4},"end":{"line":85,"column":5}},"19":{"start":{"line":83,"column":17},"end":{"line":83,"column":18}},"20":{"start":{"line":84,"column":6},"end":{"line":84,"column":72}},"21":{"start":{"line":86,"column":4},"end":{"line":88,"column":5}},"22":{"start":{"line":86,"column":17},"end":{"line":86,"column":18}},"23":{"start":{"line":87,"column":6},"end":{"line":87,"column":66}},"24":{"start":{"line":91,"column":6},"end":{"line":96,"column":12}},"25":{"start":{"line":99,"column":4},"end":{"line":154,"column":5}}},"fnMap":{"0":{"name":"(anonymous_0)","decl":{"start":{"line":23,"column":13},"end":{"line":23,"column":14}},"loc":{"start":{"line":23,"column":28},"end":{"line":23,"column":49}},"line":23},"1":{"name":"(anonymous_1)","decl":{"start":{"line":27,"column":11},"end":{"line":27,"column":12}},"loc":{"start":{"line":27,"column":25},"end":{"line":27,"column":29}},"line":27},"2":{"name":"(anonymous_2)","decl":{"start":{"line":31,"column":2},"end":{"line":31,"column":3}},"loc":{"start":{"line":31,"column":29},"end":{"line":35,"column":3}},"line":31},"3":{"name":"(anonymous_3)","decl":{"start":{"line":37,"column":2},"end":{"line":37,"column":3}},"loc":{"start":{"line":37,"column":21},"end":{"line":46,"column":3}},"line":37},"4":{"name":"(anonymous_4)","decl":{"start":{"line":48,"column":19},"end":{"line":48,"column":20}},"loc":{"start":{"line":48,"column":25},"end":{"line":55,"column":3}},"line":48},"5":{"name":"(anonymous_5)","decl":{"start":{"line":57,"column":18},"end":{"line":57,"column":19}},"loc":{"start":{"line":57,"column":24},"end":{"line":64,"column":3}},"line":57},"6":{"name":"(anonymous_6)","decl":{"start":{"line":66,"column":15},"end":{"line":66,"column":16}},"loc":{"start":{"line":66,"column":21},"end":{"line":70,"column":3}},"line":66},"7":{"name":"(anonymous_7)","decl":{"start":{"line":72,"column":2},"end":{"line":72,"column":3}},"loc":{"start":{"line":72,"column":11},"end":{"line":155,"column":3}},"line":72}},"branchMap":{"0":{"loc":{"start":{"line":23,"column":28},"end":{"line":23,"column":49}},"type":"cond-expr","locations":[{"start":{"line":23,"column":44},"end":{"line":23,"column":45}},{"start":{"line":23,"column":48},"end":{"line":23,"column":49}}],"line":23},"1":{"loc":{"start":{"line":51,"column":12},"end":{"line":51,"column":38}},"type":"cond-expr","locations":[{"start":{"line":51,"column":22},"end":{"line":51,"column":29}},{"start":{"line":51,"column":32},"end":{"line":51,"column":38}}],"line":51},"2":{"loc":{"start":{"line":52,"column":14},"end":{"line":52,"column":42}},"type":"cond-expr","locations":[{"start":{"line":52,"column":24},"end":{"line":52,"column":32}},{"start":{"line":52,"column":35},"end":{"line":52,"column":42}}],"line":52},"3":{"loc":{"start":{"line":60,"column":12},"end":{"line":60,"column":39}},"type":"cond-expr","locations":[{"start":{"line":60,"column":23},"end":{"line":60,"column":30}},{"start":{"line":60,"column":33},"end":{"line":60,"column":39}}],"line":60},"4":{"loc":{"start":{"line":61,"column":14},"end":{"line":61,"column":42}},"type":"cond-expr","locations":[{"start":{"line":61,"column":25},"end":{"line":61,"column":32}},{"start":{"line":61,"column":35},"end":{"line":61,"column":42}}],"line":61},"5":{"loc":{"start":{"line":143,"column":18},"end":{"line":143,"column":77}},"type":"cond-expr","locations":[{"start":{"line":143,"column":39},"end":{"line":143,"column":56}},{"start":{"line":143,"column":59},"end":{"line":143,"column":77}}],"line":143},"6":{"loc":{"start":{"line":147,"column":19},"end":{"line":147,"column":61}},"type":"cond-expr","locations":[{"start":{"line":147,"column":40},"end":{"line":147,"column":48}},{"start":{"line":147,"column":51},"end":{"line":147,"column":61}}],"line":147},"7":{"loc":{"start":{"line":152,"column":9},"end":{"line":152,"column":44}},"type":"binary-expr","locations":[{"start":{"line":152,"column":9},"end":{"line":152,"column":29}},{"start":{"line":152,"column":33},"end":{"line":152,"column":44}}],"line":152}},"s":{"0":1,"1":11,"2":11,"3":0,"4":5,"5":5,"6":5,"7":4,"8":4,"9":5,"10":2,"11":2,"12":5,"13":0,"14":11,"15":11,"16":11,"17":11,"18":11,"19":11,"20":176,"21":11,"22":11,"23":1320,"24":11,"25":11},"f":{"0":11,"1":11,"2":0,"3":5,"4":4,"5":2,"6":0,"7":11},"b":{"0":[11,0],"1":[3,1],"2":[3,1],"3":[2,0],"4":[2,0],"5":[6,5],"6":[6,5],"7":[11,0]},"_coverageSchema":"1a1c01bbd47fc00a2c39e90264f33305004495a9","hash":"014e084f5849f63949ededb788a90f687423d684"}
,"/var/jenkins/workspace/sf-devtools-pipeline-release-to-npm/src/front-end-utils/src/components/data-view.js": {"path":"/var/jenkins/workspace/sf-devtools-pipeline-release-to-npm/src/front-end-utils/src/components/data-view.js","statementMap":{"0":{"start":{"line":10,"column":16},"end":{"line":24,"column":1}},"1":{"start":{"line":14,"column":4},"end":{"line":14,"column":50}},"2":{"start":{"line":16,"column":4},"end":{"line":16,"column":52}},"3":{"start":{"line":27,"column":24},"end":{"line":30,"column":3}},"4":{"start":{"line":32,"column":21},"end":{"line":35,"column":3}},"5":{"start":{"line":38,"column":4},"end":{"line":38,"column":16}},"6":{"start":{"line":39,"column":4},"end":{"line":41,"column":5}},"7":{"start":{"line":44,"column":16},"end":{"line":49,"column":3}},"8":{"start":{"line":45,"column":4},"end":{"line":47,"column":6}},"9":{"start":{"line":48,"column":4},"end":{"line":48,"column":30}},"10":{"start":{"line":51,"column":18},"end":{"line":72,"column":3}},"11":{"start":{"line":52,"column":29},"end":{"line":52,"column":48}},"12":{"start":{"line":53,"column":4},"end":{"line":53,"column":41}},"13":{"start":{"line":54,"column":21},"end":{"line":54,"column":47}},"14":{"start":{"line":55,"column":26},"end":{"line":55,"column":60}},"15":{"start":{"line":56,"column":4},"end":{"line":56,"column":45}},"16":{"start":{"line":57,"column":4},"end":{"line":57,"column":51}},"17":{"start":{"line":58,"column":4},"end":{"line":58,"column":37}},"18":{"start":{"line":59,"column":4},"end":{"line":59,"column":44}},"19":{"start":{"line":60,"column":4},"end":{"line":60,"column":34}},"20":{"start":{"line":61,"column":4},"end":{"line":61,"column":44}},"21":{"start":{"line":62,"column":4},"end":{"line":62,"column":25}},"22":{"start":{"line":63,"column":4},"end":{"line":63,"column":26}},"23":{"start":{"line":65,"column":4},"end":{"line":69,"column":5}},"24":{"start":{"line":66,"column":6},"end":{"line":66,"column":34}},"25":{"start":{"line":68,"column":6},"end":{"line":68,"column":45}},"26":{"start":{"line":70,"column":4},"end":{"line":70,"column":43}},"27":{"start":{"line":71,"column":4},"end":{"line":71,"column":55}},"28":{"start":{"line":75,"column":30},"end":{"line":75,"column":40}},"29":{"start":{"line":76,"column":23},"end":{"line":76,"column":33}},"30":{"start":{"line":77,"column":4},"end":{"line":99,"column":5}}},"fnMap":{"0":{"name":"(anonymous_0)","decl":{"start":{"line":13,"column":12},"end":{"line":13,"column":13}},"loc":{"start":{"line":14,"column":4},"end":{"line":14,"column":50}},"line":14},"1":{"name":"(anonymous_1)","decl":{"start":{"line":15,"column":14},"end":{"line":15,"column":15}},"loc":{"start":{"line":16,"column":4},"end":{"line":16,"column":52}},"line":16},"2":{"name":"(anonymous_2)","decl":{"start":{"line":28,"column":19},"end":{"line":28,"column":20}},"loc":{"start":{"line":28,"column":25},"end":{"line":28,"column":27}},"line":28},"3":{"name":"(anonymous_3)","decl":{"start":{"line":37,"column":2},"end":{"line":37,"column":3}},"loc":{"start":{"line":37,"column":21},"end":{"line":42,"column":3}},"line":37},"4":{"name":"(anonymous_4)","decl":{"start":{"line":44,"column":16},"end":{"line":44,"column":17}},"loc":{"start":{"line":44,"column":22},"end":{"line":49,"column":3}},"line":44},"5":{"name":"(anonymous_5)","decl":{"start":{"line":51,"column":18},"end":{"line":51,"column":19}},"loc":{"start":{"line":51,"column":31},"end":{"line":72,"column":3}},"line":51},"6":{"name":"(anonymous_6)","decl":{"start":{"line":74,"column":2},"end":{"line":74,"column":3}},"loc":{"start":{"line":74,"column":11},"end":{"line":100,"column":3}},"line":74}},"branchMap":{"0":{"loc":{"start":{"line":14,"column":4},"end":{"line":14,"column":50}},"type":"cond-expr","locations":[{"start":{"line":14,"column":35},"end":{"line":14,"column":42}},{"start":{"line":14,"column":45},"end":{"line":14,"column":50}}],"line":14},"1":{"loc":{"start":{"line":14,"column":4},"end":{"line":14,"column":32}},"type":"binary-expr","locations":[{"start":{"line":14,"column":4},"end":{"line":14,"column":10}},{"start":{"line":14,"column":14},"end":{"line":14,"column":32}}],"line":14},"2":{"loc":{"start":{"line":16,"column":4},"end":{"line":16,"column":52}},"type":"cond-expr","locations":[{"start":{"line":16,"column":35},"end":{"line":16,"column":41}},{"start":{"line":16,"column":44},"end":{"line":16,"column":52}}],"line":16},"3":{"loc":{"start":{"line":16,"column":4},"end":{"line":16,"column":32}},"type":"binary-expr","locations":[{"start":{"line":16,"column":4},"end":{"line":16,"column":10}},{"start":{"line":16,"column":14},"end":{"line":16,"column":32}}],"line":16},"4":{"loc":{"start":{"line":88,"column":11},"end":{"line":96,"column":11}},"type":"binary-expr","locations":[{"start":{"line":88,"column":11},"end":{"line":88,"column":24}},{"start":{"line":89,"column":12},"end":{"line":95,"column":14}}],"line":88}},"s":{"0":1,"1":11,"2":11,"3":1,"4":1,"5":5,"6":5,"7":5,"8":2,"9":2,"10":5,"11":0,"12":0,"13":0,"14":0,"15":0,"16":0,"17":0,"18":0,"19":0,"20":0,"21":0,"22":0,"23":0,"24":0,"25":0,"26":0,"27":0,"28":11,"29":11,"30":11},"f":{"0":11,"1":11,"2":0,"3":5,"4":2,"5":0,"6":11},"b":{"0":[2,9],"1":[11,2],"2":[2,9],"3":[11,2],"4":[11,2]},"_coverageSchema":"1a1c01bbd47fc00a2c39e90264f33305004495a9","hash":"adbfc92b96677bd054fbb59f76ae7feceaf64442"}
,"/var/jenkins/workspace/sf-devtools-pipeline-release-to-npm/src/front-end-utils/src/components/header-view.js": {"path":"/var/jenkins/workspace/sf-devtools-pipeline-release-to-npm/src/front-end-utils/src/components/header-view.js","statementMap":{"0":{"start":{"line":21,"column":16},"end":{"line":26,"column":1}},"1":{"start":{"line":24,"column":29},"end":{"line":24,"column":53}},"2":{"start":{"line":28,"column":14},"end":{"line":36,"column":1}},"3":{"start":{"line":38,"column":13},"end":{"line":44,"column":1}},"4":{"start":{"line":46,"column":15},"end":{"line":62,"column":1}},"5":{"start":{"line":64,"column":13},"end":{"line":68,"column":1}},"6":{"start":{"line":70,"column":34},"end":{"line":70,"column":44}},"7":{"start":{"line":71,"column":34},"end":{"line":71,"column":37}},"8":{"start":{"line":73,"column":30},"end":{"line":88,"column":1}},"9":{"start":{"line":74,"column":2},"end":{"line":87,"column":3}},"10":{"start":{"line":76,"column":6},"end":{"line":76,"column":89}},"11":{"start":{"line":77,"column":6},"end":{"line":77,"column":76}},"12":{"start":{"line":78,"column":6},"end":{"line":78,"column":12}},"13":{"start":{"line":80,"column":6},"end":{"line":80,"column":89}},"14":{"start":{"line":81,"column":6},"end":{"line":81,"column":76}},"15":{"start":{"line":82,"column":6},"end":{"line":82,"column":49}},"16":{"start":{"line":83,"column":6},"end":{"line":83,"column":12}},"17":{"start":{"line":85,"column":6},"end":{"line":85,"column":46}},"18":{"start":{"line":86,"column":6},"end":{"line":86,"column":33}},"19":{"start":{"line":90,"column":21},"end":{"line":94,"column":3}},"20":{"start":{"line":96,"column":24},"end":{"line":100,"column":3}},"21":{"start":{"line":103,"column":4},"end":{"line":103,"column":16}},"22":{"start":{"line":104,"column":4},"end":{"line":109,"column":5}},"23":{"start":{"line":112,"column":22},"end":{"line":127,"column":3}},"24":{"start":{"line":112,"column":37},"end":{"line":127,"column":3}},"25":{"start":{"line":113,"column":4},"end":{"line":113,"column":50}},"26":{"start":{"line":114,"column":23},"end":{"line":114,"column":43}},"27":{"start":{"line":115,"column":4},"end":{"line":119,"column":5}},"28":{"start":{"line":116,"column":6},"end":{"line":116,"column":43}},"29":{"start":{"line":117,"column":6},"end":{"line":117,"column":24}},"30":{"start":{"line":118,"column":6},"end":{"line":118,"column":21}},"31":{"start":{"line":121,"column":4},"end":{"line":121,"column":32}},"32":{"start":{"line":123,"column":4},"end":{"line":123,"column":51}},"33":{"start":{"line":124,"column":4},"end":{"line":126,"column":5}},"34":{"start":{"line":125,"column":6},"end":{"line":125,"column":30}},"35":{"start":{"line":129,"column":24},"end":{"line":135,"column":3}},"36":{"start":{"line":130,"column":4},"end":{"line":130,"column":44}},"37":{"start":{"line":131,"column":4},"end":{"line":131,"column":30}},"38":{"start":{"line":132,"column":4},"end":{"line":132,"column":65}},"39":{"start":{"line":133,"column":4},"end":{"line":133,"column":49}},"40":{"start":{"line":134,"column":4},"end":{"line":134,"column":47}},"41":{"start":{"line":137,"column":17},"end":{"line":139,"column":3}},"42":{"start":{"line":138,"column":4},"end":{"line":138,"column":48}},"43":{"start":{"line":141,"column":16},"end":{"line":145,"column":3}},"44":{"start":{"line":142,"column":4},"end":{"line":144,"column":6}},"45":{"start":{"line":148,"column":65},"end":{"line":148,"column":75}},"46":{"start":{"line":149,"column":4},"end":{"line":239,"column":5}}},"fnMap":{"0":{"name":"(anonymous_0)","decl":{"start":{"line":24,"column":12},"end":{"line":24,"column":13}},"loc":{"start":{"line":24,"column":29},"end":{"line":24,"column":53}},"line":24},"1":{"name":"(anonymous_1)","decl":{"start":{"line":73,"column":30},"end":{"line":73,"column":31}},"loc":{"start":{"line":73,"column":40},"end":{"line":88,"column":1}},"line":73},"2":{"name":"(anonymous_2)","decl":{"start":{"line":98,"column":20},"end":{"line":98,"column":21}},"loc":{"start":{"line":98,"column":26},"end":{"line":98,"column":28}},"line":98},"3":{"name":"(anonymous_3)","decl":{"start":{"line":102,"column":2},"end":{"line":102,"column":3}},"loc":{"start":{"line":102,"column":21},"end":{"line":110,"column":3}},"line":102},"4":{"name":"(anonymous_4)","decl":{"start":{"line":112,"column":22},"end":{"line":112,"column":23}},"loc":{"start":{"line":112,"column":37},"end":{"line":127,"column":3}},"line":112},"5":{"name":"(anonymous_5)","decl":{"start":{"line":112,"column":37},"end":{"line":112,"column":38}},"loc":{"start":{"line":112,"column":43},"end":{"line":127,"column":3}},"line":112},"6":{"name":"(anonymous_6)","decl":{"start":{"line":129,"column":24},"end":{"line":129,"column":25}},"loc":{"start":{"line":129,"column":30},"end":{"line":135,"column":3}},"line":129},"7":{"name":"(anonymous_7)","decl":{"start":{"line":137,"column":17},"end":{"line":137,"column":18}},"loc":{"start":{"line":137,"column":26},"end":{"line":139,"column":3}},"line":137},"8":{"name":"(anonymous_8)","decl":{"start":{"line":141,"column":16},"end":{"line":141,"column":17}},"loc":{"start":{"line":141,"column":22},"end":{"line":145,"column":3}},"line":141},"9":{"name":"(anonymous_9)","decl":{"start":{"line":147,"column":2},"end":{"line":147,"column":3}},"loc":{"start":{"line":147,"column":11},"end":{"line":240,"column":3}},"line":147}},"branchMap":{"0":{"loc":{"start":{"line":24,"column":29},"end":{"line":24,"column":53}},"type":"cond-expr","locations":[{"start":{"line":24,"column":38},"end":{"line":24,"column":45}},{"start":{"line":24,"column":48},"end":{"line":24,"column":53}}],"line":24},"1":{"loc":{"start":{"line":74,"column":2},"end":{"line":87,"column":3}},"type":"switch","locations":[{"start":{"line":75,"column":4},"end":{"line":78,"column":12}},{"start":{"line":79,"column":4},"end":{"line":83,"column":12}},{"start":{"line":84,"column":4},"end":{"line":86,"column":33}}],"line":74},"2":{"loc":{"start":{"line":115,"column":4},"end":{"line":119,"column":5}},"type":"if","locations":[{"start":{"line":115,"column":4},"end":{"line":119,"column":5}},{"start":{},"end":{}}],"line":115},"3":{"loc":{"start":{"line":115,"column":7},"end":{"line":115,"column":81}},"type":"binary-expr","locations":[{"start":{"line":115,"column":7},"end":{"line":115,"column":17}},{"start":{"line":115,"column":21},"end":{"line":115,"column":49}},{"start":{"line":115,"column":53},"end":{"line":115,"column":81}}],"line":115},"4":{"loc":{"start":{"line":124,"column":4},"end":{"line":126,"column":5}},"type":"if","locations":[{"start":{"line":124,"column":4},"end":{"line":126,"column":5}},{"start":{},"end":{}}],"line":124},"5":{"loc":{"start":{"line":124,"column":7},"end":{"line":124,"column":55}},"type":"binary-expr","locations":[{"start":{"line":124,"column":7},"end":{"line":124,"column":35}},{"start":{"line":124,"column":39},"end":{"line":124,"column":55}}],"line":124},"6":{"loc":{"start":{"line":185,"column":16},"end":{"line":186,"column":27}},"type":"binary-expr","locations":[{"start":{"line":185,"column":17},"end":{"line":185,"column":47}},{"start":{"line":185,"column":51},"end":{"line":185,"column":66}},{"start":{"line":186,"column":16},"end":{"line":186,"column":27}}],"line":185},"7":{"loc":{"start":{"line":209,"column":24},"end":{"line":209,"column":70}},"type":"binary-expr","locations":[{"start":{"line":209,"column":24},"end":{"line":209,"column":56}},{"start":{"line":209,"column":60},"end":{"line":209,"column":70}}],"line":209},"8":{"loc":{"start":{"line":214,"column":12},"end":{"line":235,"column":19}},"type":"binary-expr","locations":[{"start":{"line":214,"column":12},"end":{"line":214,"column":33}},{"start":{"line":215,"column":12},"end":{"line":235,"column":19}}],"line":214}},"s":{"0":1,"1":24,"2":1,"3":1,"4":1,"5":1,"6":1,"7":1,"8":1,"9":12,"10":3,"11":3,"12":3,"13":4,"14":4,"15":4,"16":4,"17":5,"18":5,"19":1,"20":1,"21":17,"22":17,"23":17,"24":120,"25":12,"26":12,"27":12,"28":1,"29":1,"30":1,"31":12,"32":12,"33":12,"34":7,"35":17,"36":0,"37":0,"38":0,"39":0,"40":0,"41":17,"42":0,"43":17,"44":1,"45":24,"46":24},"f":{"0":24,"1":12,"2":0,"3":17,"4":120,"5":12,"6":0,"7":0,"8":1,"9":24},"b":{"0":[1,23],"1":[3,4,5],"2":[1,11],"3":[12,4,4],"4":[7,5],"5":[12,8],"6":[24,22,12],"7":[24,21],"8":[24,18]},"_coverageSchema":"1a1c01bbd47fc00a2c39e90264f33305004495a9","hash":"1996cab6b7c5b0eecc2b866c3823a81ec9b46b41"}
,"/var/jenkins/workspace/sf-devtools-pipeline-release-to-npm/src/front-end-utils/src/components/search.js": {"path":"/var/jenkins/workspace/sf-devtools-pipeline-release-to-npm/src/front-end-utils/src/components/search.js","statementMap":{"0":{"start":{"line":13,"column":14},"end":{"line":27,"column":1}},"1":{"start":{"line":15,"column":30},"end":{"line":15,"column":55}},"2":{"start":{"line":17,"column":28},"end":{"line":17,"column":44}},"3":{"start":{"line":25,"column":30},"end":{"line":25,"column":64}},"4":{"start":{"line":29,"column":24},"end":{"line":38,"column":1}},"5":{"start":{"line":40,"column":16},"end":{"line":46,"column":1}},"6":{"start":{"line":48,"column":20},"end":{"line":53,"column":1}},"7":{"start":{"line":54,"column":23},"end":{"line":54,"column":71}},"8":{"start":{"line":55,"column":22},"end":{"line":55,"column":53}},"9":{"start":{"line":58,"column":24},"end":{"line":60,"column":3}},"10":{"start":{"line":62,"column":21},"end":{"line":64,"column":3}},"11":{"start":{"line":67,"column":4},"end":{"line":67,"column":16}},"12":{"start":{"line":68,"column":4},"end":{"line":78,"column":5}},"13":{"start":{"line":77,"column":45},"end":{"line":77,"column":63}},"14":{"start":{"line":81,"column":19},"end":{"line":95,"column":3}},"15":{"start":{"line":82,"column":4},"end":{"line":89,"column":5}},"16":{"start":{"line":87,"column":8},"end":{"line":87,"column":21}},"17":{"start":{"line":90,"column":4},"end":{"line":94,"column":5}},"18":{"start":{"line":91,"column":6},"end":{"line":93,"column":8}},"19":{"start":{"line":98,"column":4},"end":{"line":98,"column":80}},"20":{"start":{"line":103,"column":27},"end":{"line":103,"column":37}},"21":{"start":{"line":104,"column":4},"end":{"line":135,"column":5}},"22":{"start":{"line":105,"column":6},"end":{"line":113,"column":7}},"23":{"start":{"line":114,"column":11},"end":{"line":135,"column":5}},"24":{"start":{"line":115,"column":6},"end":{"line":134,"column":7}},"25":{"start":{"line":131,"column":14},"end":{"line":131,"column":66}},"26":{"start":{"line":136,"column":4},"end":{"line":136,"column":13}},"27":{"start":{"line":140,"column":18},"end":{"line":140,"column":20}},"28":{"start":{"line":141,"column":55},"end":{"line":141,"column":65}},"29":{"start":{"line":143,"column":6},"end":{"line":145,"column":39}},"30":{"start":{"line":147,"column":4},"end":{"line":153,"column":6}},"31":{"start":{"line":148,"column":24},"end":{"line":148,"column":54}},"32":{"start":{"line":149,"column":23},"end":{"line":149,"column":51}},"33":{"start":{"line":150,"column":6},"end":{"line":152,"column":8}},"34":{"start":{"line":154,"column":4},"end":{"line":168,"column":5}},"35":{"start":{"line":155,"column":36},"end":{"line":155,"column":61}},"36":{"start":{"line":156,"column":6},"end":{"line":162,"column":7}},"37":{"start":{"line":157,"column":8},"end":{"line":161,"column":10}},"38":{"start":{"line":159,"column":12},"end":{"line":159,"column":69}},"39":{"start":{"line":163,"column":6},"end":{"line":167,"column":7}},"40":{"start":{"line":165,"column":10},"end":{"line":166,"column":65}},"41":{"start":{"line":169,"column":4},"end":{"line":172,"column":6}},"42":{"start":{"line":176,"column":4},"end":{"line":181,"column":6}},"43":{"start":{"line":184,"column":19},"end":{"line":194,"column":3}},"44":{"start":{"line":185,"column":25},"end":{"line":185,"column":45}},"45":{"start":{"line":186,"column":4},"end":{"line":188,"column":6}},"46":{"start":{"line":189,"column":4},"end":{"line":193,"column":11}},"47":{"start":{"line":190,"column":6},"end":{"line":192,"column":8}},"48":{"start":{"line":196,"column":11},"end":{"line":205,"column":31}},"49":{"start":{"line":197,"column":40},"end":{"line":197,"column":50}},"50":{"start":{"line":198,"column":4},"end":{"line":204,"column":5}},"51":{"start":{"line":199,"column":6},"end":{"line":199,"column":23}},"52":{"start":{"line":200,"column":11},"end":{"line":204,"column":5}},"53":{"start":{"line":201,"column":6},"end":{"line":201,"column":28}},"54":{"start":{"line":202,"column":11},"end":{"line":204,"column":5}},"55":{"start":{"line":203,"column":6},"end":{"line":203,"column":28}},"56":{"start":{"line":208,"column":4},"end":{"line":216,"column":8}},"57":{"start":{"line":209,"column":20},"end":{"line":209,"column":31}},"58":{"start":{"line":211,"column":8},"end":{"line":215,"column":10}},"59":{"start":{"line":220,"column":30},"end":{"line":220,"column":40}},"60":{"start":{"line":221,"column":4},"end":{"line":237,"column":5}},"61":{"start":{"line":222,"column":6},"end":{"line":234,"column":10}},"62":{"start":{"line":223,"column":22},"end":{"line":223,"column":33}},"63":{"start":{"line":225,"column":10},"end":{"line":233,"column":11}},"64":{"start":{"line":231,"column":14},"end":{"line":231,"column":39}},"65":{"start":{"line":236,"column":6},"end":{"line":236,"column":31}},"66":{"start":{"line":240,"column":23},"end":{"line":255,"column":3}},"67":{"start":{"line":241,"column":23},"end":{"line":241,"column":37}},"68":{"start":{"line":242,"column":28},"end":{"line":242,"column":75}},"69":{"start":{"line":242,"column":52},"end":{"line":242,"column":74}},"70":{"start":{"line":243,"column":4},"end":{"line":243,"column":26}},"71":{"start":{"line":244,"column":4},"end":{"line":254,"column":5}},"72":{"start":{"line":250,"column":8},"end":{"line":252,"column":9}},"73":{"start":{"line":251,"column":10},"end":{"line":251,"column":23}},"74":{"start":{"line":266,"column":8},"end":{"line":266,"column":18}},"75":{"start":{"line":267,"column":4},"end":{"line":297,"column":5}},"76":{"start":{"line":290,"column":45},"end":{"line":290,"column":69}}},"fnMap":{"0":{"name":"(anonymous_0)","decl":{"start":{"line":15,"column":13},"end":{"line":15,"column":14}},"loc":{"start":{"line":15,"column":30},"end":{"line":15,"column":55}},"line":15},"1":{"name":"(anonymous_1)","decl":{"start":{"line":17,"column":13},"end":{"line":17,"column":14}},"loc":{"start":{"line":17,"column":28},"end":{"line":17,"column":44}},"line":17},"2":{"name":"(anonymous_2)","decl":{"start":{"line":25,"column":15},"end":{"line":25,"column":16}},"loc":{"start":{"line":25,"column":30},"end":{"line":25,"column":64}},"line":25},"3":{"name":"(anonymous_3)","decl":{"start":{"line":66,"column":2},"end":{"line":66,"column":3}},"loc":{"start":{"line":66,"column":21},"end":{"line":79,"column":3}},"line":66},"4":{"name":"(anonymous_4)","decl":{"start":{"line":77,"column":37},"end":{"line":77,"column":38}},"loc":{"start":{"line":77,"column":45},"end":{"line":77,"column":63}},"line":77},"5":{"name":"(anonymous_5)","decl":{"start":{"line":81,"column":19},"end":{"line":81,"column":20}},"loc":{"start":{"line":81,"column":24},"end":{"line":95,"column":3}},"line":81},"6":{"name":"(anonymous_6)","decl":{"start":{"line":86,"column":6},"end":{"line":86,"column":7}},"loc":{"start":{"line":86,"column":12},"end":{"line":88,"column":7}},"line":86},"7":{"name":"(anonymous_7)","decl":{"start":{"line":97,"column":2},"end":{"line":97,"column":3}},"loc":{"start":{"line":97,"column":15},"end":{"line":99,"column":3}},"line":97},"8":{"name":"(anonymous_8)","decl":{"start":{"line":101,"column":2},"end":{"line":101,"column":3}},"loc":{"start":{"line":101,"column":46},"end":{"line":137,"column":3}},"line":101},"9":{"name":"(anonymous_9)","decl":{"start":{"line":130,"column":30},"end":{"line":130,"column":31}},"loc":{"start":{"line":131,"column":14},"end":{"line":131,"column":66}},"line":131},"10":{"name":"(anonymous_10)","decl":{"start":{"line":139,"column":2},"end":{"line":139,"column":3}},"loc":{"start":{"line":139,"column":23},"end":{"line":173,"column":3}},"line":139},"11":{"name":"(anonymous_11)","decl":{"start":{"line":147,"column":24},"end":{"line":147,"column":25}},"loc":{"start":{"line":147,"column":31},"end":{"line":153,"column":5}},"line":147},"12":{"name":"(anonymous_12)","decl":{"start":{"line":156,"column":28},"end":{"line":156,"column":29}},"loc":{"start":{"line":157,"column":8},"end":{"line":161,"column":10}},"line":157},"13":{"name":"(anonymous_13)","decl":{"start":{"line":158,"column":40},"end":{"line":158,"column":41}},"loc":{"start":{"line":159,"column":12},"end":{"line":159,"column":69}},"line":159},"14":{"name":"(anonymous_14)","decl":{"start":{"line":164,"column":8},"end":{"line":164,"column":9}},"loc":{"start":{"line":165,"column":10},"end":{"line":166,"column":65}},"line":165},"15":{"name":"(anonymous_15)","decl":{"start":{"line":175,"column":2},"end":{"line":175,"column":3}},"loc":{"start":{"line":175,"column":20},"end":{"line":182,"column":3}},"line":175},"16":{"name":"(anonymous_16)","decl":{"start":{"line":184,"column":19},"end":{"line":184,"column":20}},"loc":{"start":{"line":184,"column":25},"end":{"line":194,"column":3}},"line":184},"17":{"name":"(anonymous_17)","decl":{"start":{"line":189,"column":22},"end":{"line":189,"column":23}},"loc":{"start":{"line":189,"column":28},"end":{"line":193,"column":5}},"line":189},"18":{"name":"(anonymous_18)","decl":{"start":{"line":196,"column":20},"end":{"line":196,"column":21}},"loc":{"start":{"line":196,"column":26},"end":{"line":205,"column":3}},"line":196},"19":{"name":"(anonymous_19)","decl":{"start":{"line":207,"column":2},"end":{"line":207,"column":3}},"loc":{"start":{"line":207,"column":15},"end":{"line":217,"column":3}},"line":207},"20":{"name":"(anonymous_20)","decl":{"start":{"line":209,"column":12},"end":{"line":209,"column":13}},"loc":{"start":{"line":209,"column":20},"end":{"line":209,"column":31}},"line":209},"21":{"name":"(anonymous_21)","decl":{"start":{"line":210,"column":12},"end":{"line":210,"column":13}},"loc":{"start":{"line":210,"column":23},"end":{"line":216,"column":7}},"line":210},"22":{"name":"(anonymous_22)","decl":{"start":{"line":219,"column":2},"end":{"line":219,"column":3}},"loc":{"start":{"line":219,"column":20},"end":{"line":238,"column":3}},"line":219},"23":{"name":"(anonymous_23)","decl":{"start":{"line":223,"column":14},"end":{"line":223,"column":15}},"loc":{"start":{"line":223,"column":22},"end":{"line":223,"column":33}},"line":223},"24":{"name":"(anonymous_24)","decl":{"start":{"line":224,"column":14},"end":{"line":224,"column":15}},"loc":{"start":{"line":224,"column":25},"end":{"line":234,"column":9}},"line":224},"25":{"name":"(anonymous_25)","decl":{"start":{"line":230,"column":12},"end":{"line":230,"column":13}},"loc":{"start":{"line":230,"column":18},"end":{"line":232,"column":13}},"line":230},"26":{"name":"(anonymous_26)","decl":{"start":{"line":240,"column":23},"end":{"line":240,"column":24}},"loc":{"start":{"line":240,"column":28},"end":{"line":255,"column":3}},"line":240},"27":{"name":"(anonymous_27)","decl":{"start":{"line":242,"column":46},"end":{"line":242,"column":47}},"loc":{"start":{"line":242,"column":52},"end":{"line":242,"column":74}},"line":242},"28":{"name":"(anonymous_28)","decl":{"start":{"line":249,"column":6},"end":{"line":249,"column":7}},"loc":{"start":{"line":249,"column":12},"end":{"line":253,"column":7}},"line":249},"29":{"name":"(anonymous_29)","decl":{"start":{"line":257,"column":2},"end":{"line":257,"column":3}},"loc":{"start":{"line":257,"column":11},"end":{"line":298,"column":3}},"line":257},"30":{"name":"(anonymous_30)","decl":{"start":{"line":290,"column":37},"end":{"line":290,"column":38}},"loc":{"start":{"line":290,"column":45},"end":{"line":290,"column":69}},"line":290}},"branchMap":{"0":{"loc":{"start":{"line":15,"column":30},"end":{"line":15,"column":55}},"type":"cond-expr","locations":[{"start":{"line":15,"column":39},"end":{"line":15,"column":46}},{"start":{"line":15,"column":49},"end":{"line":15,"column":55}}],"line":15},"1":{"loc":{"start":{"line":17,"column":28},"end":{"line":17,"column":44}},"type":"cond-expr","locations":[{"start":{"line":17,"column":35},"end":{"line":17,"column":38}},{"start":{"line":17,"column":41},"end":{"line":17,"column":44}}],"line":17},"2":{"loc":{"start":{"line":25,"column":30},"end":{"line":25,"column":64}},"type":"cond-expr","locations":[{"start":{"line":25,"column":37},"end":{"line":25,"column":48}},{"start":{"line":25,"column":51},"end":{"line":25,"column":64}}],"line":25},"3":{"loc":{"start":{"line":90,"column":4},"end":{"line":94,"column":5}},"type":"if","locations":[{"start":{"line":90,"column":4},"end":{"line":94,"column":5}},{"start":{},"end":{}}],"line":90},"4":{"loc":{"start":{"line":98,"column":11},"end":{"line":98,"column":80}},"type":"cond-expr","locations":[{"start":{"line":98,"column":50},"end":{"line":98,"column":65}},{"start":{"line":98,"column":68},"end":{"line":98,"column":80}}],"line":98},"5":{"loc":{"start":{"line":101,"column":22},"end":{"line":101,"column":38}},"type":"default-arg","locations":[{"start":{"line":101,"column":33},"end":{"line":101,"column":38}}],"line":101},"6":{"loc":{"start":{"line":104,"column":4},"end":{"line":135,"column":5}},"type":"if","locations":[{"start":{"line":104,"column":4},"end":{"line":135,"column":5}},{"start":{"line":114,"column":11},"end":{"line":135,"column":5}}],"line":104},"7":{"loc":{"start":{"line":114,"column":11},"end":{"line":135,"column":5}},"type":"if","locations":[{"start":{"line":114,"column":11},"end":{"line":135,"column":5}},{"start":{},"end":{}}],"line":114},"8":{"loc":{"start":{"line":123,"column":14},"end":{"line":123,"column":76}},"type":"cond-expr","locations":[{"start":{"line":123,"column":39},"end":{"line":123,"column":71}},{"start":{"line":123,"column":74},"end":{"line":123,"column":76}}],"line":123},"9":{"loc":{"start":{"line":125,"column":18},"end":{"line":125,"column":36}},"type":"binary-expr","locations":[{"start":{"line":125,"column":18},"end":{"line":125,"column":22}},{"start":{"line":125,"column":26},"end":{"line":125,"column":36}}],"line":125},"10":{"loc":{"start":{"line":128,"column":11},"end":{"line":132,"column":13}},"type":"binary-expr","locations":[{"start":{"line":128,"column":11},"end":{"line":128,"column":24}},{"start":{"line":129,"column":12},"end":{"line":129,"column":34}},{"start":{"line":130,"column":12},"end":{"line":132,"column":13}}],"line":128},"11":{"loc":{"start":{"line":143,"column":6},"end":{"line":145,"column":39}},"type":"cond-expr","locations":[{"start":{"line":144,"column":10},"end":{"line":144,"column":34}},{"start":{"line":145,"column":10},"end":{"line":145,"column":39}}],"line":143},"12":{"loc":{"start":{"line":148,"column":24},"end":{"line":148,"column":54}},"type":"binary-expr","locations":[{"start":{"line":148,"column":24},"end":{"line":148,"column":48}},{"start":{"line":148,"column":52},"end":{"line":148,"column":54}}],"line":148},"13":{"loc":{"start":{"line":149,"column":23},"end":{"line":149,"column":51}},"type":"binary-expr","locations":[{"start":{"line":149,"column":23},"end":{"line":149,"column":45}},{"start":{"line":149,"column":49},"end":{"line":149,"column":51}}],"line":149},"14":{"loc":{"start":{"line":154,"column":4},"end":{"line":168,"column":5}},"type":"if","locations":[{"start":{"line":154,"column":4},"end":{"line":168,"column":5}},{"start":{},"end":{}}],"line":154},"15":{"loc":{"start":{"line":165,"column":10},"end":{"line":166,"column":65}},"type":"binary-expr","locations":[{"start":{"line":165,"column":11},"end":{"line":165,"column":24}},{"start":{"line":165,"column":28},"end":{"line":165,"column":48}},{"start":{"line":166,"column":10},"end":{"line":166,"column":65}}],"line":165},"16":{"loc":{"start":{"line":198,"column":4},"end":{"line":204,"column":5}},"type":"if","locations":[{"start":{"line":198,"column":4},"end":{"line":204,"column":5}},{"start":{"line":200,"column":11},"end":{"line":204,"column":5}}],"line":198},"17":{"loc":{"start":{"line":198,"column":8},"end":{"line":198,"column":44}},"type":"binary-expr","locations":[{"start":{"line":198,"column":8},"end":{"line":198,"column":29}},{"start":{"line":198,"column":33},"end":{"line":198,"column":44}}],"line":198},"18":{"loc":{"start":{"line":200,"column":11},"end":{"line":204,"column":5}},"type":"if","locations":[{"start":{"line":200,"column":11},"end":{"line":204,"column":5}},{"start":{"line":202,"column":11},"end":{"line":204,"column":5}}],"line":200},"19":{"loc":{"start":{"line":200,"column":15},"end":{"line":200,"column":52}},"type":"binary-expr","locations":[{"start":{"line":200,"column":15},"end":{"line":200,"column":36}},{"start":{"line":200,"column":40},"end":{"line":200,"column":52}}],"line":200},"20":{"loc":{"start":{"line":202,"column":11},"end":{"line":204,"column":5}},"type":"if","locations":[{"start":{"line":202,"column":11},"end":{"line":204,"column":5}},{"start":{},"end":{}}],"line":202},"21":{"loc":{"start":{"line":221,"column":4},"end":{"line":237,"column":5}},"type":"if","locations":[{"start":{"line":221,"column":4},"end":{"line":237,"column":5}},{"start":{"line":235,"column":11},"end":{"line":237,"column":5}}],"line":221},"22":{"loc":{"start":{"line":250,"column":8},"end":{"line":252,"column":9}},"type":"if","locations":[{"start":{"line":250,"column":8},"end":{"line":252,"column":9}},{"start":{},"end":{}}],"line":250},"23":{"loc":{"start":{"line":289,"column":13},"end":{"line":289,"column":79}},"type":"binary-expr","locations":[{"start":{"line":289,"column":13},"end":{"line":289,"column":29}},{"start":{"line":289,"column":33},"end":{"line":289,"column":41}},{"start":{"line":289,"column":45},"end":{"line":289,"column":79}}],"line":289},"24":{"loc":{"start":{"line":290,"column":13},"end":{"line":290,"column":70}},"type":"binary-expr","locations":[{"start":{"line":290,"column":13},"end":{"line":290,"column":21}},{"start":{"line":290,"column":25},"end":{"line":290,"column":70}}],"line":290},"25":{"loc":{"start":{"line":291,"column":13},"end":{"line":292,"column":69}},"type":"binary-expr","locations":[{"start":{"line":291,"column":13},"end":{"line":291,"column":23}},{"start":{"line":292,"column":14},"end":{"line":292,"column":22}},{"start":{"line":292,"column":26},"end":{"line":292,"column":69}}],"line":291},"26":{"loc":{"start":{"line":293,"column":13},"end":{"line":293,"column":64}},"type":"binary-expr","locations":[{"start":{"line":293,"column":13},"end":{"line":293,"column":20}},{"start":{"line":293,"column":24},"end":{"line":293,"column":64}}],"line":293}},"s":{"0":2,"1":58,"2":58,"3":58,"4":2,"5":2,"6":2,"7":2,"8":2,"9":2,"10":2,"11":13,"12":13,"13":13,"14":13,"15":5,"16":5,"17":5,"18":5,"19":11,"20":17,"21":17,"22":4,"23":13,"24":13,"25":0,"26":17,"27":7,"28":7,"29":7,"30":7,"31":11,"32":11,"33":11,"34":7,"35":3,"36":3,"37":6,"38":0,"39":3,"40":6,"41":7,"42":5,"43":13,"44":8,"45":8,"46":8,"47":5,"48":13,"49":10,"50":10,"51":3,"52":7,"53":0,"54":7,"55":7,"56":3,"57":3,"58":3,"59":7,"60":7,"61":6,"62":6,"63":6,"64":6,"65":1,"66":13,"67":5,"68":5,"69":12,"70":5,"71":5,"72":5,"73":5,"74":58,"75":58,"76":17},"f":{"0":58,"1":58,"2":58,"3":13,"4":13,"5":5,"6":5,"7":11,"8":17,"9":0,"10":7,"11":11,"12":6,"13":0,"14":6,"15":5,"16":8,"17":5,"18":10,"19":3,"20":3,"21":3,"22":7,"23":6,"24":6,"25":6,"26":5,"27":12,"28":5,"29":58,"30":17},"b":{"0":[39,19],"1":[5,53],"2":[5,53],"3":[5,0],"4":[6,5],"5":[17],"6":[4,13],"7":[13,0],"8":[0,13],"9":[13,13],"10":[13,11,0],"11":[4,3],"12":[11,11],"13":[11,11],"14":[3,4],"15":[6,6,6],"16":[3,7],"17":[10,3],"18":[0,7],"19":[7,0],"20":[7,0],"21":[6,1],"22":[5,0],"23":[58,17,16],"24":[58,53],"25":[58,0,0],"26":[58,5]},"_coverageSchema":"1a1c01bbd47fc00a2c39e90264f33305004495a9","hash":"165296045b3f626728fce7e8ae8fa01cdefaeff9"}
,"/var/jenkins/workspace/sf-devtools-pipeline-release-to-npm/src/front-end-utils/src/components/base/ResultItem.js": {"path":"/var/jenkins/workspace/sf-devtools-pipeline-release-to-npm/src/front-end-utils/src/components/base/ResultItem.js","statementMap":{"0":{"start":{"line":10,"column":28},"end":{"line":13,"column":1}},"1":{"start":{"line":12,"column":24},"end":{"line":12,"column":57}},"2":{"start":{"line":14,"column":26},"end":{"line":18,"column":1}},"3":{"start":{"line":19,"column":24},"end":{"line":23,"column":1}},"4":{"start":{"line":21,"column":22},"end":{"line":21,"column":55}},"5":{"start":{"line":24,"column":27},"end":{"line":28,"column":1}},"6":{"start":{"line":26,"column":26},"end":{"line":26,"column":70}},"7":{"start":{"line":30,"column":29},"end":{"line":33,"column":1}},"8":{"start":{"line":34,"column":20},"end":{"line":38,"column":1}},"9":{"start":{"line":41,"column":24},"end":{"line":49,"column":3}},"10":{"start":{"line":51,"column":21},"end":{"line":59,"column":3}},"11":{"start":{"line":62,"column":4},"end":{"line":62,"column":16}},"12":{"start":{"line":63,"column":4},"end":{"line":67,"column":5}},"13":{"start":{"line":70,"column":16},"end":{"line":80,"column":3}},"14":{"start":{"line":71,"column":4},"end":{"line":79,"column":5}},"15":{"start":{"line":72,"column":6},"end":{"line":74,"column":8}},"16":{"start":{"line":75,"column":6},"end":{"line":78,"column":7}},"17":{"start":{"line":76,"column":27},"end":{"line":76,"column":107}},"18":{"start":{"line":76,"column":51},"end":{"line":76,"column":106}},"19":{"start":{"line":77,"column":8},"end":{"line":77,"column":140}},"20":{"start":{"line":82,"column":25},"end":{"line":91,"column":3}},"21":{"start":{"line":83,"column":27},"end":{"line":83,"column":37}},"22":{"start":{"line":84,"column":4},"end":{"line":86,"column":5}},"23":{"start":{"line":85,"column":6},"end":{"line":85,"column":70}},"24":{"start":{"line":87,"column":4},"end":{"line":89,"column":5}},"25":{"start":{"line":88,"column":6},"end":{"line":88,"column":81}},"26":{"start":{"line":90,"column":4},"end":{"line":90,"column":85}},"27":{"start":{"line":94,"column":4},"end":{"line":106,"column":8}},"28":{"start":{"line":95,"column":20},"end":{"line":95,"column":31}},"29":{"start":{"line":97,"column":8},"end":{"line":99,"column":10}},"30":{"start":{"line":102,"column":8},"end":{"line":105,"column":10}},"31":{"start":{"line":110,"column":52},"end":{"line":110,"column":62}},"32":{"start":{"line":111,"column":53},"end":{"line":111,"column":63}},"33":{"start":{"line":112,"column":4},"end":{"line":144,"column":5}}},"fnMap":{"0":{"name":"(anonymous_0)","decl":{"start":{"line":12,"column":4},"end":{"line":12,"column":5}},"loc":{"start":{"line":12,"column":24},"end":{"line":12,"column":57}},"line":12},"1":{"name":"(anonymous_1)","decl":{"start":{"line":21,"column":4},"end":{"line":21,"column":5}},"loc":{"start":{"line":21,"column":22},"end":{"line":21,"column":55}},"line":21},"2":{"name":"(anonymous_2)","decl":{"start":{"line":26,"column":6},"end":{"line":26,"column":7}},"loc":{"start":{"line":26,"column":26},"end":{"line":26,"column":70}},"line":26},"3":{"name":"(anonymous_3)","decl":{"start":{"line":61,"column":2},"end":{"line":61,"column":3}},"loc":{"start":{"line":61,"column":21},"end":{"line":68,"column":3}},"line":61},"4":{"name":"(anonymous_4)","decl":{"start":{"line":70,"column":16},"end":{"line":70,"column":17}},"loc":{"start":{"line":70,"column":22},"end":{"line":80,"column":3}},"line":70},"5":{"name":"(anonymous_5)","decl":{"start":{"line":76,"column":45},"end":{"line":76,"column":46}},"loc":{"start":{"line":76,"column":51},"end":{"line":76,"column":106}},"line":76},"6":{"name":"(anonymous_6)","decl":{"start":{"line":82,"column":25},"end":{"line":82,"column":26}},"loc":{"start":{"line":82,"column":31},"end":{"line":91,"column":3}},"line":82},"7":{"name":"(anonymous_7)","decl":{"start":{"line":93,"column":2},"end":{"line":93,"column":3}},"loc":{"start":{"line":93,"column":33},"end":{"line":107,"column":3}},"line":93},"8":{"name":"(anonymous_8)","decl":{"start":{"line":95,"column":12},"end":{"line":95,"column":13}},"loc":{"start":{"line":95,"column":20},"end":{"line":95,"column":31}},"line":95},"9":{"name":"(anonymous_9)","decl":{"start":{"line":96,"column":13},"end":{"line":96,"column":14}},"loc":{"start":{"line":96,"column":19},"end":{"line":100,"column":7}},"line":96},"10":{"name":"(anonymous_10)","decl":{"start":{"line":101,"column":12},"end":{"line":101,"column":13}},"loc":{"start":{"line":101,"column":20},"end":{"line":106,"column":7}},"line":101},"11":{"name":"(anonymous_11)","decl":{"start":{"line":109,"column":2},"end":{"line":109,"column":3}},"loc":{"start":{"line":109,"column":11},"end":{"line":145,"column":3}},"line":109}},"branchMap":{"0":{"loc":{"start":{"line":12,"column":24},"end":{"line":12,"column":57}},"type":"binary-expr","locations":[{"start":{"line":12,"column":24},"end":{"line":12,"column":35}},{"start":{"line":12,"column":39},"end":{"line":12,"column":57}}],"line":12},"1":{"loc":{"start":{"line":21,"column":22},"end":{"line":21,"column":55}},"type":"binary-expr","locations":[{"start":{"line":21,"column":22},"end":{"line":21,"column":30}},{"start":{"line":21,"column":34},"end":{"line":21,"column":55}}],"line":21},"2":{"loc":{"start":{"line":26,"column":26},"end":{"line":26,"column":70}},"type":"binary-expr","locations":[{"start":{"line":26,"column":26},"end":{"line":26,"column":37}},{"start":{"line":26,"column":41},"end":{"line":26,"column":70}}],"line":26},"3":{"loc":{"start":{"line":66,"column":12},"end":{"line":66,"column":51}},"type":"cond-expr","locations":[{"start":{"line":66,"column":36},"end":{"line":66,"column":46}},{"start":{"line":66,"column":49},"end":{"line":66,"column":51}}],"line":66},"4":{"loc":{"start":{"line":71,"column":4},"end":{"line":79,"column":5}},"type":"if","locations":[{"start":{"line":71,"column":4},"end":{"line":79,"column":5}},{"start":{},"end":{}}],"line":71},"5":{"loc":{"start":{"line":75,"column":6},"end":{"line":78,"column":7}},"type":"if","locations":[{"start":{"line":75,"column":6},"end":{"line":78,"column":7}},{"start":{},"end":{}}],"line":75},"6":{"loc":{"start":{"line":75,"column":10},"end":{"line":75,"column":59}},"type":"binary-expr","locations":[{"start":{"line":75,"column":10},"end":{"line":75,"column":33}},{"start":{"line":75,"column":37},"end":{"line":75,"column":59}}],"line":75},"7":{"loc":{"start":{"line":77,"column":28},"end":{"line":77,"column":76}},"type":"binary-expr","locations":[{"start":{"line":77,"column":28},"end":{"line":77,"column":46}},{"start":{"line":77,"column":50},"end":{"line":77,"column":76}}],"line":77},"8":{"loc":{"start":{"line":77,"column":78},"end":{"line":77,"column":139}},"type":"cond-expr","locations":[{"start":{"line":77,"column":99},"end":{"line":77,"column":115}},{"start":{"line":77,"column":118},"end":{"line":77,"column":139}}],"line":77},"9":{"loc":{"start":{"line":84,"column":4},"end":{"line":86,"column":5}},"type":"if","locations":[{"start":{"line":84,"column":4},"end":{"line":86,"column":5}},{"start":{},"end":{}}],"line":84},"10":{"loc":{"start":{"line":87,"column":4},"end":{"line":89,"column":5}},"type":"if","locations":[{"start":{"line":87,"column":4},"end":{"line":89,"column":5}},{"start":{},"end":{}}],"line":87},"11":{"loc":{"start":{"line":87,"column":8},"end":{"line":87,"column":55}},"type":"binary-expr","locations":[{"start":{"line":87,"column":8},"end":{"line":87,"column":43}},{"start":{"line":87,"column":47},"end":{"line":87,"column":55}}],"line":87},"12":{"loc":{"start":{"line":93,"column":21},"end":{"line":93,"column":31}},"type":"default-arg","locations":[{"start":{"line":93,"column":29},"end":{"line":93,"column":31}}],"line":93},"13":{"loc":{"start":{"line":126,"column":9},"end":{"line":139,"column":9}},"type":"binary-expr","locations":[{"start":{"line":126,"column":9},"end":{"line":126,"column":20}},{"start":{"line":127,"column":10},"end":{"line":138,"column":30}}],"line":126},"14":{"loc":{"start":{"line":140,"column":9},"end":{"line":142,"column":9}},"type":"binary-expr","locations":[{"start":{"line":140,"column":9},"end":{"line":140,"column":26}},{"start":{"line":141,"column":10},"end":{"line":141,"column":74}}],"line":140}},"s":{"0":2,"1":18,"2":2,"3":2,"4":18,"5":2,"6":18,"7":2,"8":2,"9":2,"10":2,"11":10,"12":10,"13":10,"14":1,"15":1,"16":1,"17":0,"18":0,"19":0,"20":10,"21":2,"22":2,"23":2,"24":0,"25":0,"26":0,"27":0,"28":0,"29":0,"30":0,"31":18,"32":18,"33":18},"f":{"0":18,"1":18,"2":18,"3":10,"4":1,"5":0,"6":2,"7":0,"8":0,"9":0,"10":0,"11":18},"b":{"0":[18,5],"1":[18,0],"2":[18,5],"3":[2,8],"4":[1,0],"5":[0,1],"6":[1,1],"7":[0,0],"8":[0,0],"9":[2,0],"10":[0,0],"11":[0,0],"12":[0],"13":[18,2],"14":[18,0]},"_coverageSchema":"1a1c01bbd47fc00a2c39e90264f33305004495a9","hash":"f514040157a690ecaecc91d218786fb9ff9a7886"}
,"/var/jenkins/workspace/sf-devtools-pipeline-release-to-npm/src/front-end-utils/src/components/base/SearchBar.js": {"path":"/var/jenkins/workspace/sf-devtools-pipeline-release-to-npm/src/front-end-utils/src/components/base/SearchBar.js","statementMap":{"0":{"start":{"line":7,"column":24},"end":{"line":15,"column":1}},"1":{"start":{"line":16,"column":28},"end":{"line":22,"column":1}},"2":{"start":{"line":24,"column":15},"end":{"line":35,"column":1}},"3":{"start":{"line":36,"column":24},"end":{"line":38,"column":1}},"4":{"start":{"line":40,"column":29},"end":{"line":45,"column":1}},"5":{"start":{"line":46,"column":19},"end":{"line":51,"column":1}},"6":{"start":{"line":53,"column":20},"end":{"line":68,"column":1}},"7":{"start":{"line":71,"column":24},"end":{"line":77,"column":3}},"8":{"start":{"line":79,"column":21},"end":{"line":85,"column":3}},"9":{"start":{"line":94,"column":8},"end":{"line":94,"column":18}},"10":{"start":{"line":95,"column":4},"end":{"line":122,"column":5}}},"fnMap":{"0":{"name":"(anonymous_0)","decl":{"start":{"line":74,"column":20},"end":{"line":74,"column":21}},"loc":{"start":{"line":74,"column":26},"end":{"line":74,"column":28}},"line":74},"1":{"name":"(anonymous_1)","decl":{"start":{"line":76,"column":24},"end":{"line":76,"column":25}},"loc":{"start":{"line":76,"column":30},"end":{"line":76,"column":32}},"line":76},"2":{"name":"(anonymous_2)","decl":{"start":{"line":87,"column":2},"end":{"line":87,"column":3}},"loc":{"start":{"line":87,"column":11},"end":{"line":123,"column":3}},"line":87}},"branchMap":{},"s":{"0":2,"1":2,"2":2,"3":2,"4":2,"5":2,"6":2,"7":2,"8":2,"9":58,"10":58},"f":{"0":0,"1":0,"2":58},"b":{},"_coverageSchema":"1a1c01bbd47fc00a2c39e90264f33305004495a9","hash":"a3fa70148fa5cb44bc6af484a1359b91d23f84f1"}
,"/var/jenkins/workspace/sf-devtools-pipeline-release-to-npm/src/front-end-utils/src/components/base/item.js": {"path":"/var/jenkins/workspace/sf-devtools-pipeline-release-to-npm/src/front-end-utils/src/components/base/item.js","statementMap":{"0":{"start":{"line":5,"column":22},"end":{"line":32,"column":1}},"1":{"start":{"line":9,"column":4},"end":{"line":9,"column":35}},"2":{"start":{"line":23,"column":31},"end":{"line":23,"column":36}},"3":{"start":{"line":26,"column":31},"end":{"line":26,"column":59}},"4":{"start":{"line":27,"column":36},"end":{"line":27,"column":67}},"5":{"start":{"line":29,"column":34},"end":{"line":29,"column":71}},"6":{"start":{"line":33,"column":20},"end":{"line":41,"column":1}},"7":{"start":{"line":36,"column":25},"end":{"line":36,"column":29}},"8":{"start":{"line":40,"column":33},"end":{"line":40,"column":70}},"9":{"start":{"line":42,"column":24},"end":{"line":44,"column":1}},"10":{"start":{"line":46,"column":14},"end":{"line":48,"column":1}},"11":{"start":{"line":50,"column":13},"end":{"line":55,"column":1}},"12":{"start":{"line":54,"column":23},"end":{"line":54,"column":64}},"13":{"start":{"line":57,"column":13},"end":{"line":64,"column":1}},"14":{"start":{"line":67,"column":24},"end":{"line":78,"column":3}},"15":{"start":{"line":80,"column":21},"end":{"line":91,"column":3}},"16":{"start":{"line":105,"column":8},"end":{"line":105,"column":18}},"17":{"start":{"line":106,"column":4},"end":{"line":124,"column":5}}},"fnMap":{"0":{"name":"(anonymous_0)","decl":{"start":{"line":8,"column":11},"end":{"line":8,"column":12}},"loc":{"start":{"line":9,"column":4},"end":{"line":9,"column":35}},"line":9},"1":{"name":"(anonymous_1)","decl":{"start":{"line":23,"column":16},"end":{"line":23,"column":17}},"loc":{"start":{"line":23,"column":31},"end":{"line":23,"column":36}},"line":23},"2":{"name":"(anonymous_2)","decl":{"start":{"line":26,"column":13},"end":{"line":26,"column":14}},"loc":{"start":{"line":26,"column":31},"end":{"line":26,"column":59}},"line":26},"3":{"name":"(anonymous_3)","decl":{"start":{"line":27,"column":18},"end":{"line":27,"column":19}},"loc":{"start":{"line":27,"column":36},"end":{"line":27,"column":67}},"line":27},"4":{"name":"(anonymous_4)","decl":{"start":{"line":29,"column":17},"end":{"line":29,"column":18}},"loc":{"start":{"line":29,"column":34},"end":{"line":29,"column":71}},"line":29},"5":{"name":"(anonymous_5)","decl":{"start":{"line":36,"column":11},"end":{"line":36,"column":12}},"loc":{"start":{"line":36,"column":25},"end":{"line":36,"column":29}},"line":36},"6":{"name":"(anonymous_6)","decl":{"start":{"line":40,"column":16},"end":{"line":40,"column":17}},"loc":{"start":{"line":40,"column":33},"end":{"line":40,"column":70}},"line":40},"7":{"name":"(anonymous_7)","decl":{"start":{"line":54,"column":4},"end":{"line":54,"column":5}},"loc":{"start":{"line":54,"column":23},"end":{"line":54,"column":64}},"line":54},"8":{"name":"(anonymous_8)","decl":{"start":{"line":71,"column":20},"end":{"line":71,"column":21}},"loc":{"start":{"line":71,"column":26},"end":{"line":71,"column":28}},"line":71},"9":{"name":"(anonymous_9)","decl":{"start":{"line":76,"column":10},"end":{"line":76,"column":11}},"loc":{"start":{"line":76,"column":16},"end":{"line":76,"column":18}},"line":76},"10":{"name":"(anonymous_10)","decl":{"start":{"line":93,"column":2},"end":{"line":93,"column":3}},"loc":{"start":{"line":93,"column":11},"end":{"line":125,"column":3}},"line":93}},"branchMap":{"0":{"loc":{"start":{"line":9,"column":4},"end":{"line":9,"column":35}},"type":"cond-expr","locations":[{"start":{"line":9,"column":17},"end":{"line":9,"column":26}},{"start":{"line":9,"column":29},"end":{"line":9,"column":35}}],"line":9},"1":{"loc":{"start":{"line":26,"column":31},"end":{"line":26,"column":59}},"type":"cond-expr","locations":[{"start":{"line":26,"column":41},"end":{"line":26,"column":50}},{"start":{"line":26,"column":53},"end":{"line":26,"column":59}}],"line":26},"2":{"loc":{"start":{"line":27,"column":36},"end":{"line":27,"column":67}},"type":"cond-expr","locations":[{"start":{"line":27,"column":46},"end":{"line":27,"column":55}},{"start":{"line":27,"column":58},"end":{"line":27,"column":67}}],"line":27},"3":{"loc":{"start":{"line":29,"column":34},"end":{"line":29,"column":71}},"type":"cond-expr","locations":[{"start":{"line":29,"column":55},"end":{"line":29,"column":62}},{"start":{"line":29,"column":65},"end":{"line":29,"column":71}}],"line":29},"4":{"loc":{"start":{"line":40,"column":33},"end":{"line":40,"column":70}},"type":"cond-expr","locations":[{"start":{"line":40,"column":42},"end":{"line":40,"column":61}},{"start":{"line":40,"column":64},"end":{"line":40,"column":70}}],"line":40},"5":{"loc":{"start":{"line":54,"column":23},"end":{"line":54,"column":64}},"type":"binary-expr","locations":[{"start":{"line":54,"column":23},"end":{"line":54,"column":32}},{"start":{"line":54,"column":36},"end":{"line":54,"column":64}}],"line":54}},"s":{"0":2,"1":257,"2":257,"3":257,"4":257,"5":257,"6":2,"7":257,"8":257,"9":2,"10":2,"11":2,"12":257,"13":2,"14":2,"15":2,"16":257,"17":257},"f":{"0":257,"1":257,"2":257,"3":257,"4":257,"5":257,"6":257,"7":257,"8":0,"9":0,"10":257},"b":{"0":[24,233],"1":[120,137],"2":[120,137],"3":[197,60],"4":[22,235],"5":[257,222]},"_coverageSchema":"1a1c01bbd47fc00a2c39e90264f33305004495a9","hash":"0b3a39a660d30be751e6f0d49de44d368c28beab"}
,"/var/jenkins/workspace/sf-devtools-pipeline-release-to-npm/src/front-end-utils/src/constants/pageUrl.js": {"path":"/var/jenkins/workspace/sf-devtools-pipeline-release-to-npm/src/front-end-utils/src/constants/pageUrl.js","statementMap":{"0":{"start":{"line":1,"column":24},"end":{"line":1,"column":47}},"1":{"start":{"line":2,"column":29},"end":{"line":2,"column":53}},"2":{"start":{"line":3,"column":35},"end":{"line":3,"column":54}}},"fnMap":{},"branchMap":{},"s":{"0":1,"1":1,"2":1},"f":{},"b":{},"_coverageSchema":"1a1c01bbd47fc00a2c39e90264f33305004495a9","hash":"f6ab8e67a63b2240191747f771aea25ea80bb900"}
,"/var/jenkins/workspace/sf-devtools-pipeline-release-to-npm/src/front-end-utils/src/constants/roleType.js": {"path":"/var/jenkins/workspace/sf-devtools-pipeline-release-to-npm/src/front-end-utils/src/constants/roleType.js","statementMap":{"0":{"start":{"line":1,"column":35},"end":{"line":1,"column":56}},"1":{"start":{"line":2,"column":20},"end":{"line":2,"column":26}},"2":{"start":{"line":3,"column":23},"end":{"line":3,"column":32}}},"fnMap":{},"branchMap":{},"s":{"0":1,"1":1,"2":1},"f":{},"b":{},"_coverageSchema":"1a1c01bbd47fc00a2c39e90264f33305004495a9","hash":"581d1942cbad2643766dbaee6e42ad788b9301e1"}
,"/var/jenkins/workspace/sf-devtools-pipeline-release-to-npm/src/front-end-utils/src/constants/searchType.js": {"path":"/var/jenkins/workspace/sf-devtools-pipeline-release-to-npm/src/front-end-utils/src/constants/searchType.js","statementMap":{"0":{"start":{"line":1,"column":20},"end":{"line":1,"column":26}},"1":{"start":{"line":2,"column":26},"end":{"line":2,"column":38}},"2":{"start":{"line":3,"column":26},"end":{"line":3,"column":38}},"3":{"start":{"line":4,"column":29},"end":{"line":4,"column":44}},"4":{"start":{"line":6,"column":28},"end":{"line":28,"column":1}}},"fnMap":{},"branchMap":{},"s":{"0":2,"1":2,"2":2,"3":2,"4":2},"f":{},"b":{},"_coverageSchema":"1a1c01bbd47fc00a2c39e90264f33305004495a9","hash":"6d5a14a05ba32e28def453103ab3197e666d948d"}
,"/var/jenkins/workspace/sf-devtools-pipeline-release-to-npm/src/front-end-utils/src/utils/debounce.js": {"path":"/var/jenkins/workspace/sf-devtools-pipeline-release-to-npm/src/front-end-utils/src/utils/debounce.js","statementMap":{"0":{"start":{"line":3,"column":2},"end":{"line":11,"column":3}},"1":{"start":{"line":4,"column":25},"end":{"line":4,"column":56}},"2":{"start":{"line":4,"column":31},"end":{"line":4,"column":56}},"3":{"start":{"line":5,"column":4},"end":{"line":5,"column":25}},"4":{"start":{"line":6,"column":4},"end":{"line":10,"column":5}},"5":{"start":{"line":7,"column":6},"end":{"line":7,"column":46}},"6":{"start":{"line":9,"column":6},"end":{"line":9,"column":20}}},"fnMap":{"0":{"name":"debounce","decl":{"start":{"line":1,"column":24},"end":{"line":1,"column":32}},"loc":{"start":{"line":1,"column":43},"end":{"line":12,"column":1}},"line":1},"1":{"name":"(anonymous_1)","decl":{"start":{"line":3,"column":9},"end":{"line":3,"column":10}},"loc":{"start":{"line":3,"column":15},"end":{"line":11,"column":3}},"line":3},"2":{"name":"(anonymous_2)","decl":{"start":{"line":4,"column":25},"end":{"line":4,"column":26}},"loc":{"start":{"line":4,"column":31},"end":{"line":4,"column":56}},"line":4}},"branchMap":{"0":{"loc":{"start":{"line":6,"column":4},"end":{"line":10,"column":5}},"type":"if","locations":[{"start":{"line":6,"column":4},"end":{"line":10,"column":5}},{"start":{"line":8,"column":11},"end":{"line":10,"column":5}}],"line":6}},"s":{"0":13,"1":10,"2":10,"3":10,"4":10,"5":0,"6":10},"f":{"0":13,"1":10,"2":10},"b":{"0":[0,10]},"_coverageSchema":"1a1c01bbd47fc00a2c39e90264f33305004495a9","hash":"03056154f6232505aafe4275ed2b3c951211cc9d"}
,"/var/jenkins/workspace/sf-devtools-pipeline-release-to-npm/src/middlewares/config.js": {"path":"/var/jenkins/workspace/sf-devtools-pipeline-release-to-npm/src/middlewares/config.js","statementMap":{"0":{"start":{"line":1,"column":13},"end":{"line":1,"column":28}},"1":{"start":{"line":2,"column":20},"end":{"line":2,"column":33}},"2":{"start":{"line":3,"column":15},"end":{"line":3,"column":47}},"3":{"start":{"line":4,"column":24},"end":{"line":4,"column":62}},"4":{"start":{"line":6,"column":14},"end":{"line":6,"column":16}},"5":{"start":{"line":7,"column":0},"end":{"line":11,"column":1}},"6":{"start":{"line":8,"column":2},"end":{"line":8,"column":74}},"7":{"start":{"line":10,"column":2},"end":{"line":10,"column":14}},"8":{"start":{"line":13,"column":20},"end":{"line":13,"column":22}},"9":{"start":{"line":14,"column":0},"end":{"line":18,"column":1}},"10":{"start":{"line":15,"column":2},"end":{"line":15,"column":87}},"11":{"start":{"line":17,"column":2},"end":{"line":17,"column":20}},"12":{"start":{"line":20,"column":27},"end":{"line":20,"column":78}},"13":{"start":{"line":20,"column":35},"end":{"line":20,"column":77}},"14":{"start":{"line":22,"column":24},"end":{"line":22,"column":66}},"15":{"start":{"line":23,"column":30},"end":{"line":23,"column":58}},"16":{"start":{"line":25,"column":0},"end":{"line":36,"column":1}},"17":{"start":{"line":26,"column":2},"end":{"line":34,"column":3}},"18":{"start":{"line":35,"column":2},"end":{"line":35,"column":15}}},"fnMap":{"0":{"name":"(anonymous_0)","decl":{"start":{"line":20,"column":27},"end":{"line":20,"column":28}},"loc":{"start":{"line":20,"column":35},"end":{"line":20,"column":77}},"line":20},"1":{"name":"(anonymous_1)","decl":{"start":{"line":25,"column":17},"end":{"line":25,"column":18}},"loc":{"start":{"line":25,"column":37},"end":{"line":36,"column":1}},"line":25}},"branchMap":{"0":{"loc":{"start":{"line":20,"column":35},"end":{"line":20,"column":77}},"type":"cond-expr","locations":[{"start":{"line":20,"column":55},"end":{"line":20,"column":71}},{"start":{"line":20,"column":74},"end":{"line":20,"column":77}}],"line":20},"1":{"loc":{"start":{"line":31,"column":21},"end":{"line":31,"column":68}},"type":"binary-expr","locations":[{"start":{"line":31,"column":21},"end":{"line":31,"column":42}},{"start":{"line":31,"column":46},"end":{"line":31,"column":68}}],"line":31}},"s":{"0":1,"1":1,"2":1,"3":1,"4":1,"5":1,"6":1,"7":1,"8":1,"9":1,"10":1,"11":1,"12":1,"13":1,"14":1,"15":1,"16":1,"17":1,"18":1},"f":{"0":1,"1":1},"b":{"0":[0,1],"1":[1,1]},"_coverageSchema":"1a1c01bbd47fc00a2c39e90264f33305004495a9","hash":"ba95f64985a14c1d6d0bd8464be40f8bb076f818"}
}
