TN:
SF:src/constants/customUserAttributesMock.js
FNF:0
FNH:0
DA:1,2
DA:137,2
LF:2
LH:2
BRF:0
BRH:0
end_of_record
TN:
SF:src/constants/pageUrls.js
FN:3,(anonymous_0)
FNF:1
FNH:1
FNDA:18,(anonymous_0)
DA:1,3
DA:3,3
DA:4,18
DA:6,3
LF:4
LH:4
BRF:0
BRH:0
end_of_record
TN:
SF:src/constants/userMock.js
FNF:0
FNH:0
DA:1,2
DA:3,2
DA:26,2
LF:3
LH:3
BRF:0
BRH:0
end_of_record
TN:
SF:src/controllers/index.js
FN:19,(anonymous_0)
FN:39,(anonymous_1)
FN:78,(anonymous_2)
FN:82,(anonymous_3)
FN:86,(anonymous_4)
FN:87,(anonymous_5)
FN:95,(anonymous_6)
FN:101,(anonymous_7)
FN:109,(anonymous_8)
FN:113,(anonymous_9)
FN:122,(anonymous_10)
FN:123,(anonymous_11)
FN:160,(anonymous_12)
FN:174,(anonymous_13)
FN:201,(anonymous_14)
FN:205,(anonymous_15)
FN:219,(anonymous_16)
FN:235,(anonymous_17)
FN:250,(anonymous_18)
FN:265,(anonymous_19)
FN:277,(anonymous_20)
FN:278,(anonymous_21)
FN:281,(anonymous_22)
FN:303,(anonymous_23)
FN:320,(anonymous_24)
FN:323,(anonymous_25)
FN:339,(anonymous_26)
FN:346,(anonymous_27)
FN:377,(anonymous_28)
FN:390,(anonymous_29)
FN:398,(anonymous_30)
FNF:31
FNH:23
FNDA:2,(anonymous_0)
FNDA:9,(anonymous_1)
FNDA:4,(anonymous_2)
FNDA:2,(anonymous_3)
FNDA:0,(anonymous_4)
FNDA:0,(anonymous_5)
FNDA:0,(anonymous_6)
FNDA:2,(anonymous_7)
FNDA:2,(anonymous_8)
FNDA:0,(anonymous_9)
FNDA:2,(anonymous_10)
FNDA:2,(anonymous_11)
FNDA:2,(anonymous_12)
FNDA:0,(anonymous_13)
FNDA:2,(anonymous_14)
FNDA:9,(anonymous_15)
FNDA:4,(anonymous_16)
FNDA:9,(anonymous_17)
FNDA:18,(anonymous_18)
FNDA:9,(anonymous_19)
FNDA:2,(anonymous_20)
FNDA:0,(anonymous_21)
FNDA:0,(anonymous_22)
FNDA:0,(anonymous_23)
FNDA:2,(anonymous_24)
FNDA:2,(anonymous_25)
FNDA:2,(anonymous_26)
FNDA:2,(anonymous_27)
FNDA:2,(anonymous_28)
FNDA:2,(anonymous_29)
FNDA:2,(anonymous_30)
DA:1,2
DA:2,2
DA:3,2
DA:4,2
DA:5,2
DA:6,2
DA:7,2
DA:9,2
DA:10,2
DA:12,2
DA:13,2
DA:15,2
DA:16,2
DA:17,2
DA:19,2
DA:20,2
DA:35,2
DA:47,9
DA:48,9
DA:49,9
DA:50,9
DA:51,9
DA:52,9
DA:53,9
DA:54,9
DA:55,9
DA:56,9
DA:57,9
DA:58,9
DA:59,9
DA:60,9
DA:61,9
DA:62,9
DA:63,9
DA:64,9
DA:65,9
DA:71,9
DA:72,0
DA:73,0
DA:74,0
DA:79,4
DA:83,2
DA:87,0
DA:88,0
DA:89,0
DA:90,0
DA:91,0
DA:96,0
DA:97,0
DA:98,0
DA:102,2
DA:103,2
DA:104,0
DA:106,2
DA:110,2
DA:114,0
DA:123,2
DA:124,2
DA:125,2
DA:126,1
DA:128,2
DA:155,2
DA:161,2
DA:162,2
DA:163,0
DA:165,2
DA:166,2
DA:175,0
DA:176,0
DA:177,0
DA:178,0
DA:182,0
DA:183,0
DA:184,0
DA:186,0
DA:189,0
DA:191,0
DA:192,0
DA:195,0
DA:202,2
DA:206,9
DA:207,9
DA:214,9
DA:216,9
DA:220,4
DA:221,4
DA:230,4
DA:232,4
DA:236,9
DA:237,9
DA:247,9
DA:251,18
DA:255,18
DA:256,18
DA:258,18
DA:262,18
DA:266,9
DA:271,9
DA:274,9
DA:278,2
DA:283,0
DA:293,0
DA:294,0
DA:295,0
DA:296,0
DA:297,0
DA:298,0
DA:304,0
DA:305,0
DA:312,0
DA:313,0
DA:321,2
DA:322,2
DA:323,2
DA:324,2
DA:325,2
DA:329,2
DA:331,0
DA:336,2
DA:340,2
DA:341,1
DA:343,1
DA:348,2
DA:349,2
DA:350,2
DA:351,2
DA:352,2
DA:353,2
DA:356,2
DA:361,2
DA:366,2
DA:367,2
DA:368,2
DA:369,2
DA:371,2
DA:372,2
DA:373,2
DA:377,2
DA:378,2
DA:379,1
DA:386,1
DA:390,2
DA:392,2
DA:393,2
DA:399,2
DA:400,2
DA:428,2
DA:430,2
DA:431,2
DA:435,0
DA:440,2
LF:151
LH:112
BRDA:40,0,0,5
BRDA:44,1,0,9
BRDA:52,2,0,9
BRDA:52,2,1,9
BRDA:52,2,2,2
BRDA:54,3,0,9
BRDA:54,3,1,8
BRDA:55,4,0,9
BRDA:55,4,1,8
BRDA:60,5,0,4
BRDA:60,5,1,5
BRDA:60,6,0,9
BRDA:60,6,1,9
BRDA:71,7,0,0
BRDA:71,7,1,9
BRDA:71,8,0,9
BRDA:71,8,1,0
BRDA:79,9,0,4
BRDA:79,9,1,2
BRDA:79,9,2,2
BRDA:83,10,0,1
BRDA:83,10,1,1
BRDA:88,11,0,0
BRDA:89,12,0,0
BRDA:89,12,1,0
BRDA:90,13,0,0
BRDA:90,13,1,0
BRDA:97,14,0,0
BRDA:97,14,1,0
BRDA:103,15,0,0
BRDA:103,15,1,2
BRDA:109,16,0,0
BRDA:115,17,0,0
BRDA:115,17,1,0
BRDA:115,17,2,0
BRDA:115,17,3,0
BRDA:125,18,0,1
BRDA:125,18,1,1
BRDA:162,19,0,0
BRDA:162,19,1,2
BRDA:165,20,0,2
BRDA:165,20,1,2
BRDA:176,21,0,0
BRDA:176,21,1,0
BRDA:178,22,0,0
BRDA:178,22,1,0
BRDA:179,23,0,0
BRDA:179,23,1,0
BRDA:271,24,0,1
BRDA:271,24,1,8
BRDA:281,25,0,0
BRDA:304,26,0,0
BRDA:304,26,1,0
BRDA:312,27,0,0
BRDA:312,27,1,0
BRDA:340,28,0,1
BRDA:340,28,1,1
BRDA:353,29,0,0
BRDA:353,29,1,2
BRDA:354,30,0,0
BRDA:354,30,1,0
BRDA:371,31,0,2
BRDA:371,31,1,0
BRDA:372,32,0,1
BRDA:372,32,1,1
BRDA:378,33,0,1
BRDA:378,33,1,1
BRDA:399,34,0,2
BRDA:399,34,1,0
BRDA:430,35,0,2
BRDA:430,35,1,0
BRF:71
BRH:38
end_of_record
TN:
SF:src/controllers/controllers-utils/assetsUtils.js
FN:3,buildAssetTypeList
FN:7,(anonymous_1)
FN:20,buildHeaderAssets
FNF:3
FNH:3
FNDA:22,buildAssetTypeList
FNDA:3,(anonymous_1)
FNDA:11,buildHeaderAssets
DA:1,3
DA:4,22
DA:5,1
DA:7,21
DA:8,3
DA:14,3
DA:15,3
DA:17,21
DA:21,11
DA:22,11
DA:24,11
DA:28,11
DA:31,3
LF:13
LH:13
BRDA:4,0,0,1
BRDA:4,0,1,21
BRF:2
BRH:2
end_of_record
TN:
SF:src/controllers/data-filters/bootstrap-data-filter.js
FN:1,(anonymous_0)
FN:5,(anonymous_1)
FNF:2
FNH:1
FNDA:2,(anonymous_0)
FNDA:0,(anonymous_1)
DA:1,2
DA:2,2
DA:3,2
DA:4,0
DA:6,0
DA:8,0
DA:9,0
DA:11,0
DA:12,0
DA:17,2
DA:20,2
LF:11
LH:5
BRDA:1,0,0,0
BRDA:3,1,0,0
BRDA:3,1,1,2
BRDA:3,2,0,2
BRDA:3,2,1,2
BRDA:8,3,0,0
BRDA:8,3,1,0
BRF:7
BRH:3
end_of_record
TN:
SF:src/controllers/data-filters/call-to-actions-filter.js
FN:12,(anonymous_0)
FN:19,(anonymous_1)
FN:34,(anonymous_2)
FN:35,(anonymous_3)
FN:55,(anonymous_4)
FN:69,(anonymous_5)
FN:73,(anonymous_6)
FNF:7
FNH:7
FNDA:6,(anonymous_0)
FNDA:6,(anonymous_1)
FNDA:13,(anonymous_2)
FNDA:6,(anonymous_3)
FNDA:4,(anonymous_4)
FNDA:2,(anonymous_5)
FNDA:11,(anonymous_6)
DA:1,3
DA:2,3
DA:3,3
DA:4,3
DA:6,3
DA:12,3
DA:13,6
DA:19,3
DA:25,6
DA:34,3
DA:35,13
DA:36,6
DA:37,6
DA:38,6
DA:45,13
DA:46,13
DA:47,6
DA:52,7
DA:55,3
DA:56,4
DA:57,4
DA:67,2
DA:69,2
DA:70,2
DA:73,2
DA:74,11
DA:84,4
DA:87,3
LF:28
LH:28
BRDA:12,0,0,0
BRDA:46,1,0,6
BRDA:46,1,1,7
BRDA:55,2,0,0
BRDA:57,3,0,2
BRDA:57,3,1,2
BRDA:57,4,0,4
BRDA:57,4,1,4
BRF:8
BRH:6
end_of_record
TN:
SF:src/front-end-utils/src/components/container.js
FN:23,(anonymous_0)
FN:27,(anonymous_1)
FN:31,(anonymous_2)
FN:37,(anonymous_3)
FN:48,(anonymous_4)
FN:57,(anonymous_5)
FN:66,(anonymous_6)
FN:72,(anonymous_7)
FNF:8
FNH:6
FNDA:11,(anonymous_0)
FNDA:11,(anonymous_1)
FNDA:0,(anonymous_2)
FNDA:5,(anonymous_3)
FNDA:4,(anonymous_4)
FNDA:2,(anonymous_5)
FNDA:0,(anonymous_6)
FNDA:11,(anonymous_7)
DA:16,1
DA:23,11
DA:27,11
DA:32,0
DA:38,5
DA:39,5
DA:48,5
DA:49,4
DA:50,4
DA:57,5
DA:58,2
DA:59,2
DA:66,5
DA:67,0
DA:73,11
DA:74,11
DA:80,11
DA:81,11
DA:83,11
DA:84,176
DA:86,11
DA:87,1320
DA:91,11
DA:99,11
LF:24
LH:22
BRDA:23,0,0,11
BRDA:23,0,1,0
BRDA:51,1,0,3
BRDA:51,1,1,1
BRDA:52,2,0,3
BRDA:52,2,1,1
BRDA:60,3,0,2
BRDA:60,3,1,0
BRDA:61,4,0,2
BRDA:61,4,1,0
BRDA:143,5,0,6
BRDA:143,5,1,5
BRDA:147,6,0,6
BRDA:147,6,1,5
BRDA:152,7,0,11
BRDA:152,7,1,0
BRF:16
BRH:12
end_of_record
TN:
SF:src/front-end-utils/src/components/data-view.js
FN:13,(anonymous_0)
FN:15,(anonymous_1)
FN:28,(anonymous_2)
FN:37,(anonymous_3)
FN:44,(anonymous_4)
FN:51,(anonymous_5)
FN:74,(anonymous_6)
FNF:7
FNH:5
FNDA:11,(anonymous_0)
FNDA:11,(anonymous_1)
FNDA:0,(anonymous_2)
FNDA:5,(anonymous_3)
FNDA:2,(anonymous_4)
FNDA:0,(anonymous_5)
FNDA:11,(anonymous_6)
DA:10,1
DA:14,11
DA:16,11
DA:27,1
DA:32,1
DA:38,5
DA:39,5
DA:44,5
DA:45,2
DA:48,2
DA:51,5
DA:52,0
DA:53,0
DA:54,0
DA:55,0
DA:56,0
DA:57,0
DA:58,0
DA:59,0
DA:60,0
DA:61,0
DA:62,0
DA:63,0
DA:65,0
DA:66,0
DA:68,0
DA:70,0
DA:71,0
DA:75,11
DA:76,11
DA:77,11
LF:31
LH:14
BRDA:14,0,0,2
BRDA:14,0,1,9
BRDA:14,1,0,11
BRDA:14,1,1,2
BRDA:16,2,0,2
BRDA:16,2,1,9
BRDA:16,3,0,11
BRDA:16,3,1,2
BRDA:88,4,0,11
BRDA:88,4,1,2
BRF:10
BRH:10
end_of_record
TN:
SF:src/front-end-utils/src/components/header-view.js
FN:24,(anonymous_0)
FN:73,(anonymous_1)
FN:98,(anonymous_2)
FN:102,(anonymous_3)
FN:112,(anonymous_4)
FN:112,(anonymous_5)
FN:129,(anonymous_6)
FN:137,(anonymous_7)
FN:141,(anonymous_8)
FN:147,(anonymous_9)
FNF:10
FNH:7
FNDA:24,(anonymous_0)
FNDA:12,(anonymous_1)
FNDA:0,(anonymous_2)
FNDA:17,(anonymous_3)
FNDA:120,(anonymous_4)
FNDA:12,(anonymous_5)
FNDA:0,(anonymous_6)
FNDA:0,(anonymous_7)
FNDA:1,(anonymous_8)
FNDA:24,(anonymous_9)
DA:21,1
DA:24,24
DA:28,1
DA:38,1
DA:46,1
DA:64,1
DA:70,1
DA:71,1
DA:73,1
DA:74,12
DA:76,3
DA:77,3
DA:78,3
DA:80,4
DA:81,4
DA:82,4
DA:83,4
DA:85,5
DA:86,5
DA:90,1
DA:96,1
DA:103,17
DA:104,17
DA:112,120
DA:113,12
DA:114,12
DA:115,12
DA:116,1
DA:117,1
DA:118,1
DA:121,12
DA:123,12
DA:124,12
DA:125,7
DA:129,17
DA:130,0
DA:131,0
DA:132,0
DA:133,0
DA:134,0
DA:137,17
DA:138,0
DA:141,17
DA:142,1
DA:148,24
DA:149,24
LF:46
LH:40
BRDA:24,0,0,1
BRDA:24,0,1,23
BRDA:74,1,0,3
BRDA:74,1,1,4
BRDA:74,1,2,5
BRDA:115,2,0,1
BRDA:115,2,1,11
BRDA:115,3,0,12
BRDA:115,3,1,4
BRDA:115,3,2,4
BRDA:124,4,0,7
BRDA:124,4,1,5
BRDA:124,5,0,12
BRDA:124,5,1,8
BRDA:185,6,0,24
BRDA:185,6,1,22
BRDA:185,6,2,12
BRDA:209,7,0,24
BRDA:209,7,1,21
BRDA:214,8,0,24
BRDA:214,8,1,18
BRF:21
BRH:21
end_of_record
TN:
SF:src/front-end-utils/src/components/search.js
FN:15,(anonymous_0)
FN:17,(anonymous_1)
FN:25,(anonymous_2)
FN:66,(anonymous_3)
FN:77,(anonymous_4)
FN:81,(anonymous_5)
FN:86,(anonymous_6)
FN:97,(anonymous_7)
FN:101,(anonymous_8)
FN:130,(anonymous_9)
FN:139,(anonymous_10)
FN:147,(anonymous_11)
FN:156,(anonymous_12)
FN:158,(anonymous_13)
FN:164,(anonymous_14)
FN:175,(anonymous_15)
FN:184,(anonymous_16)
FN:189,(anonymous_17)
FN:196,(anonymous_18)
FN:207,(anonymous_19)
FN:209,(anonymous_20)
FN:210,(anonymous_21)
FN:219,(anonymous_22)
FN:223,(anonymous_23)
FN:224,(anonymous_24)
FN:230,(anonymous_25)
FN:240,(anonymous_26)
FN:242,(anonymous_27)
FN:249,(anonymous_28)
FN:257,(anonymous_29)
FN:290,(anonymous_30)
FNF:31
FNH:29
FNDA:58,(anonymous_0)
FNDA:58,(anonymous_1)
FNDA:58,(anonymous_2)
FNDA:13,(anonymous_3)
FNDA:13,(anonymous_4)
FNDA:5,(anonymous_5)
FNDA:5,(anonymous_6)
FNDA:11,(anonymous_7)
FNDA:17,(anonymous_8)
FNDA:0,(anonymous_9)
FNDA:7,(anonymous_10)
FNDA:11,(anonymous_11)
FNDA:6,(anonymous_12)
FNDA:0,(anonymous_13)
FNDA:6,(anonymous_14)
FNDA:5,(anonymous_15)
FNDA:8,(anonymous_16)
FNDA:5,(anonymous_17)
FNDA:10,(anonymous_18)
FNDA:3,(anonymous_19)
FNDA:3,(anonymous_20)
FNDA:3,(anonymous_21)
FNDA:7,(anonymous_22)
FNDA:6,(anonymous_23)
FNDA:6,(anonymous_24)
FNDA:6,(anonymous_25)
FNDA:5,(anonymous_26)
FNDA:12,(anonymous_27)
FNDA:5,(anonymous_28)
FNDA:58,(anonymous_29)
FNDA:17,(anonymous_30)
DA:13,2
DA:15,58
DA:17,58
DA:25,58
DA:29,2
DA:40,2
DA:48,2
DA:54,2
DA:55,2
DA:58,2
DA:62,2
DA:67,13
DA:68,13
DA:77,13
DA:81,13
DA:82,5
DA:87,5
DA:90,5
DA:91,5
DA:98,11
DA:103,17
DA:104,17
DA:105,4
DA:114,13
DA:115,13
DA:131,0
DA:136,17
DA:140,7
DA:141,7
DA:143,7
DA:147,7
DA:148,11
DA:149,11
DA:150,11
DA:154,7
DA:155,3
DA:156,3
DA:157,6
DA:159,0
DA:163,3
DA:165,6
DA:169,7
DA:176,5
DA:184,13
DA:185,8
DA:186,8
DA:189,8
DA:190,5
DA:196,13
DA:197,10
DA:198,10
DA:199,3
DA:200,7
DA:201,0
DA:202,7
DA:203,7
DA:208,3
DA:209,3
DA:211,3
DA:220,7
DA:221,7
DA:222,6
DA:223,6
DA:225,6
DA:231,6
DA:236,1
DA:240,13
DA:241,5
DA:242,12
DA:243,5
DA:244,5
DA:250,5
DA:251,5
DA:266,58
DA:267,58
DA:290,17
LF:76
LH:73
BRDA:15,0,0,39
BRDA:15,0,1,19
BRDA:17,1,0,5
BRDA:17,1,1,53
BRDA:25,2,0,5
BRDA:25,2,1,53
BRDA:90,3,0,5
BRDA:90,3,1,0
BRDA:98,4,0,6
BRDA:98,4,1,5
BRDA:101,5,0,17
BRDA:104,6,0,4
BRDA:104,6,1,13
BRDA:114,7,0,13
BRDA:114,7,1,0
BRDA:123,8,0,0
BRDA:123,8,1,13
BRDA:125,9,0,13
BRDA:125,9,1,13
BRDA:128,10,0,13
BRDA:128,10,1,11
BRDA:128,10,2,0
BRDA:143,11,0,4
BRDA:143,11,1,3
BRDA:148,12,0,11
BRDA:148,12,1,11
BRDA:149,13,0,11
BRDA:149,13,1,11
BRDA:154,14,0,3
BRDA:154,14,1,4
BRDA:165,15,0,6
BRDA:165,15,1,6
BRDA:165,15,2,6
BRDA:198,16,0,3
BRDA:198,16,1,7
BRDA:198,17,0,10
BRDA:198,17,1,3
BRDA:200,18,0,0
BRDA:200,18,1,7
BRDA:200,19,0,7
BRDA:200,19,1,0
BRDA:202,20,0,7
BRDA:202,20,1,0
BRDA:221,21,0,6
BRDA:221,21,1,1
BRDA:250,22,0,5
BRDA:250,22,1,0
BRDA:289,23,0,58
BRDA:289,23,1,17
BRDA:289,23,2,16
BRDA:290,24,0,58
BRDA:290,24,1,53
BRDA:291,25,0,58
BRDA:291,25,1,0
BRDA:291,25,2,0
BRDA:293,26,0,58
BRDA:293,26,1,5
BRF:57
BRH:47
end_of_record
TN:
SF:src/front-end-utils/src/components/base/ResultItem.js
FN:12,(anonymous_0)
FN:21,(anonymous_1)
FN:26,(anonymous_2)
FN:61,(anonymous_3)
FN:70,(anonymous_4)
FN:76,(anonymous_5)
FN:82,(anonymous_6)
FN:93,(anonymous_7)
FN:95,(anonymous_8)
FN:96,(anonymous_9)
FN:101,(anonymous_10)
FN:109,(anonymous_11)
FNF:12
FNH:7
FNDA:18,(anonymous_0)
FNDA:18,(anonymous_1)
FNDA:18,(anonymous_2)
FNDA:10,(anonymous_3)
FNDA:1,(anonymous_4)
FNDA:0,(anonymous_5)
FNDA:2,(anonymous_6)
FNDA:0,(anonymous_7)
FNDA:0,(anonymous_8)
FNDA:0,(anonymous_9)
FNDA:0,(anonymous_10)
FNDA:18,(anonymous_11)
DA:10,2
DA:12,18
DA:14,2
DA:19,2
DA:21,18
DA:24,2
DA:26,18
DA:30,2
DA:34,2
DA:41,2
DA:51,2
DA:62,10
DA:63,10
DA:70,10
DA:71,1
DA:72,1
DA:75,1
DA:76,0
DA:77,0
DA:82,10
DA:83,2
DA:84,2
DA:85,2
DA:87,0
DA:88,0
DA:90,0
DA:94,0
DA:95,0
DA:97,0
DA:102,0
DA:110,18
DA:111,18
DA:112,18
LF:33
LH:24
BRDA:12,0,0,18
BRDA:12,0,1,5
BRDA:21,1,0,18
BRDA:21,1,1,0
BRDA:26,2,0,18
BRDA:26,2,1,5
BRDA:66,3,0,2
BRDA:66,3,1,8
BRDA:71,4,0,1
BRDA:71,4,1,0
BRDA:75,5,0,0
BRDA:75,5,1,1
BRDA:75,6,0,1
BRDA:75,6,1,1
BRDA:77,7,0,0
BRDA:77,7,1,0
BRDA:77,8,0,0
BRDA:77,8,1,0
BRDA:84,9,0,2
BRDA:84,9,1,0
BRDA:87,10,0,0
BRDA:87,10,1,0
BRDA:87,11,0,0
BRDA:87,11,1,0
BRDA:93,12,0,0
BRDA:126,13,0,18
BRDA:126,13,1,2
BRDA:140,14,0,18
BRDA:140,14,1,0
BRF:29
BRH:15
end_of_record
TN:
SF:src/front-end-utils/src/components/base/SearchBar.js
FN:74,(anonymous_0)
FN:76,(anonymous_1)
FN:87,(anonymous_2)
FNF:3
FNH:1
FNDA:0,(anonymous_0)
FNDA:0,(anonymous_1)
FNDA:58,(anonymous_2)
DA:7,2
DA:16,2
DA:24,2
DA:36,2
DA:40,2
DA:46,2
DA:53,2
DA:71,2
DA:79,2
DA:94,58
DA:95,58
LF:11
LH:11
BRF:0
BRH:0
end_of_record
TN:
SF:src/front-end-utils/src/components/base/item.js
FN:8,(anonymous_0)
FN:23,(anonymous_1)
FN:26,(anonymous_2)
FN:27,(anonymous_3)
FN:29,(anonymous_4)
FN:36,(anonymous_5)
FN:40,(anonymous_6)
FN:54,(anonymous_7)
FN:71,(anonymous_8)
FN:76,(anonymous_9)
FN:93,(anonymous_10)
FNF:11
FNH:9
FNDA:257,(anonymous_0)
FNDA:257,(anonymous_1)
FNDA:257,(anonymous_2)
FNDA:257,(anonymous_3)
FNDA:257,(anonymous_4)
FNDA:257,(anonymous_5)
FNDA:257,(anonymous_6)
FNDA:257,(anonymous_7)
FNDA:0,(anonymous_8)
FNDA:0,(anonymous_9)
FNDA:257,(anonymous_10)
DA:5,2
DA:9,257
DA:23,257
DA:26,257
DA:27,257
DA:29,257
DA:33,2
DA:36,257
DA:40,257
DA:42,2
DA:46,2
DA:50,2
DA:54,257
DA:57,2
DA:67,2
DA:80,2
DA:105,257
DA:106,257
LF:18
LH:18
BRDA:9,0,0,24
BRDA:9,0,1,233
BRDA:26,1,0,120
BRDA:26,1,1,137
BRDA:27,2,0,120
BRDA:27,2,1,137
BRDA:29,3,0,197
BRDA:29,3,1,60
BRDA:40,4,0,22
BRDA:40,4,1,235
BRDA:54,5,0,257
BRDA:54,5,1,222
BRF:12
BRH:12
end_of_record
TN:
SF:src/front-end-utils/src/constants/pageUrl.js
FNF:0
FNH:0
DA:1,1
DA:2,1
DA:3,1
LF:3
LH:3
BRF:0
BRH:0
end_of_record
TN:
SF:src/front-end-utils/src/constants/roleType.js
FNF:0
FNH:0
DA:1,1
DA:2,1
DA:3,1
LF:3
LH:3
BRF:0
BRH:0
end_of_record
TN:
SF:src/front-end-utils/src/constants/searchType.js
FNF:0
FNH:0
DA:1,2
DA:2,2
DA:3,2
DA:4,2
DA:6,2
LF:5
LH:5
BRF:0
BRH:0
end_of_record
TN:
SF:src/front-end-utils/src/utils/debounce.js
FN:1,debounce
FN:3,(anonymous_1)
FN:4,(anonymous_2)
FNF:3
FNH:3
FNDA:13,debounce
FNDA:10,(anonymous_1)
FNDA:10,(anonymous_2)
DA:3,13
DA:4,10
DA:5,10
DA:6,10
DA:7,0
DA:9,10
LF:6
LH:5
BRDA:6,0,0,0
BRDA:6,0,1,10
BRF:2
BRH:1
end_of_record
TN:
SF:src/middlewares/config.js
FN:20,(anonymous_0)
FN:25,(anonymous_1)
FNF:2
FNH:2
FNDA:1,(anonymous_0)
FNDA:1,(anonymous_1)
DA:1,1
DA:2,1
DA:3,1
DA:4,1
DA:6,1
DA:7,1
DA:8,1
DA:10,1
DA:13,1
DA:14,1
DA:15,1
DA:17,1
DA:20,1
DA:22,1
DA:23,1
DA:25,1
DA:26,1
DA:35,1
LF:18
LH:18
BRDA:20,0,0,0
BRDA:20,0,1,1
BRDA:31,1,0,1
BRDA:31,1,1,1
BRF:4
BRH:3
end_of_record
